sample.interval=20000
"asMethod" "as<-" "asMethod" "as<-" "initialize" "initialize" "new" ".makeDefaultBinding" "refClassInformation" "setRefClass" "eval" "eval" "withVisible" "source" "readRefData" 
"cat" "object$show" "<Anonymous>" "<Anonymous>" "print.default" "print" "print.default" "print" "readRefData" 
"print.default" "print" "readRefData" 
"print.default" "print" "doTryCatch" "tryCatchOne" "tryCatchList" "tryCatch" "e$fun" "%do%" "readRefData" 
"modelConststr" "modelConststr" "modelConststr" "modelConststr" "modelConststr" "modelConststr" "inPlaceModel.create" "modelFromFile" "eval" "eval" "doTryCatch" "tryCatchOne" "tryCatchList" "tryCatch" "doTryCatch" "tryCatchOne" "tryCatchList" "tryCatch" "e$fun" "%do%" "readRefData" 
"modelConststr" "modelConststr" "inPlaceModel.create" "modelFromFile" "eval" "eval" "doTryCatch" "tryCatchOne" "tryCatchList" "tryCatch" "doTryCatch" "tryCatchOne" "tryCatchList" "tryCatch" "e$fun" "%do%" "readRefData" 
"as.environment" "as.environment" "$" "inPlaceModel.create" "modelFromFile" "eval" "eval" "doTryCatch" "tryCatchOne" "tryCatchList" "tryCatch" "doTryCatch" "tryCatchOne" "tryCatchList" "tryCatch" "e$fun" "%do%" "readRefData" 
"new.env" "modelConststr" "modelConststr" "modelConststr" "modelConststr" "modelConststr" "inPlaceModel.create" "modelFromFile" "eval" "eval" "doTryCatch" "tryCatchOne" "tryCatchList" "tryCatch" "doTryCatch" "tryCatchOne" "tryCatchList" "tryCatch" "e$fun" "%do%" "readRefData" 
"new.env" "modelConststr" "modelConststr" "modelConststr" "modelConststr" "modelConststr" "inPlaceModel.create" "modelFromFile" "eval" "eval" "doTryCatch" "tryCatchOne" "tryCatchList" "tryCatch" "doTryCatch" "tryCatchOne" "tryCatchList" "tryCatch" "e$fun" "%do%" "readRefData" 
"new.env" "modelConststr" "modelConststr" "modelConststr" "modelConststr" "modelConststr" "inPlaceModel.create" "modelFromFile" "eval" "eval" "doTryCatch" "tryCatchOne" "tryCatchList" "tryCatch" "doTryCatch" "tryCatchOne" "tryCatchList" "tryCatch" "e$fun" "%do%" "readRefData" 
"get" "$" "inPlaceModel.create" "modelFromFile" "eval" "eval" "doTryCatch" "tryCatchOne" "tryCatchList" "tryCatch" "doTryCatch" "tryCatchOne" "tryCatchList" "tryCatch" "e$fun" "%do%" "readRefData" 
"modelConststr" "modelConststr" "modelConststr" "modelConststr" "modelConststr" "modelConststr" "modelConststr" "modelConststr" "modelConststr" "modelConststr" "modelConststr" "inPlaceModel.create" "modelFromFile" "eval" "eval" "doTryCatch" "tryCatchOne" "tryCatchList" "tryCatch" "doTryCatch" "tryCatchOne" "tryCatchList" "tryCatch" "e$fun" "%do%" "readRefData" 
"vapply" "rm" "inPlaceModel.create" "modelFromFile" "eval" "eval" "doTryCatch" "tryCatchOne" "tryCatchList" "tryCatch" "doTryCatch" "tryCatchOne" "tryCatchList" "tryCatch" "e$fun" "%do%" "readRefData" 
"match.fun" "vapply" "rm" "inPlaceModel.create" "modelFromFile" "eval" "eval" "doTryCatch" "tryCatchOne" "tryCatchList" "tryCatch" "doTryCatch" "tryCatchOne" "tryCatchList" "tryCatch" "e$fun" "%do%" "readRefData" 
"$" "inPlaceModel.create" "modelFromFile" "eval" "eval" "doTryCatch" "tryCatchOne" "tryCatchList" "tryCatch" "doTryCatch" "tryCatchOne" "tryCatchList" "tryCatch" "e$fun" "%do%" "readRefData" 
"modelConststr" "modelConststr" "modelConststr" "modelConststr" "modelConststr" "modelConststr" "modelConststr" "modelConststr" "inPlaceModel.create" "modelFromFile" "eval" "eval" "doTryCatch" "tryCatchOne" "tryCatchList" "tryCatch" "doTryCatch" "tryCatchOne" "tryCatchList" "tryCatch" "e$fun" "%do%" "readRefData" 
"modelConststr" "modelConststr" "modelConststr" "modelConststr" "modelConststr" "modelConststr" "inPlaceModel.create" "modelFromFile" "eval" "eval" "doTryCatch" "tryCatchOne" "tryCatchList" "tryCatch" "doTryCatch" "tryCatchOne" "tryCatchList" "tryCatch" "e$fun" "%do%" "readRefData" 
"modelConststr" "modelConststr" "modelConststr" "modelConststr" "modelConststr" "modelConststr" "modelConststr" "modelConststr" "modelConststr" "modelConststr" "modelConststr" "inPlaceModel.create" "modelFromFile" "eval" "eval" "doTryCatch" "tryCatchOne" "tryCatchList" "tryCatch" "doTryCatch" "tryCatchOne" "tryCatchList" "tryCatch" "e$fun" "%do%" "readRefData" 
"as.environment" "as.environment" "methods:::.setDummyField" "<Anonymous>" "assign" "envRefSetField" "$<-" "inPlaceModel.create" "modelFromFile" "eval" "eval" "doTryCatch" "tryCatchOne" "tryCatchList" "tryCatch" "doTryCatch" "tryCatchOne" "tryCatchList" "tryCatch" "e$fun" "%do%" "readRefData" 
"modelConststr" "modelConststr" "modelConststr" "modelConststr" "modelConststr" "modelConststr" "inPlaceModel.create" "modelFromFile" "eval" "eval" "doTryCatch" "tryCatchOne" "tryCatchList" "tryCatch" "doTryCatch" "tryCatchOne" "tryCatchList" "tryCatch" "e$fun" "%do%" "readRefData" 
"modelConststr" "modelConststr" "modelConststr" "inPlaceModel.create" "modelFromFile" "eval" "eval" "doTryCatch" "tryCatchOne" "tryCatchList" "tryCatch" "doTryCatch" "tryCatchOne" "tryCatchList" "tryCatch" "e$fun" "%do%" "readRefData" 
"match.call" "stopifnot" "tail.default" "tail" "inPlaceModel.create" "modelFromFile" "eval" "eval" "doTryCatch" "tryCatchOne" "tryCatchList" "tryCatch" "doTryCatch" "tryCatchOne" "tryCatchList" "tryCatch" "e$fun" "%do%" "readRefData" 
"new.env" "modelConststr" "modelConststr" "modelConststr" "modelConststr" "modelConststr" "modelConststr" "inPlaceModel.create" "modelFromFile" "eval" "eval" "doTryCatch" "tryCatchOne" "tryCatchList" "tryCatch" "doTryCatch" "tryCatchOne" "tryCatchList" "tryCatch" "e$fun" "%do%" "readRefData" 
"modelConststr" "modelConststr" "modelConststr" "modelConststr" "modelConststr" "modelConststr" "modelConststr" "modelConststr" "modelConststr" "inPlaceModel.create" "modelFromFile" "eval" "eval" "doTryCatch" "tryCatchOne" "tryCatchList" "tryCatch" "doTryCatch" "tryCatchOne" "tryCatchList" "tryCatch" "e$fun" "%do%" "readRefData" 
"tail" "inPlaceModel.create" "modelFromFile" "eval" "eval" "doTryCatch" "tryCatchOne" "tryCatchList" "tryCatch" "doTryCatch" "tryCatchOne" "tryCatchList" "tryCatch" "e$fun" "%do%" "readRefData" 
"as.list" "vapply" "rm" "inPlaceModel.create" "modelFromFile" "eval" "eval" "doTryCatch" "tryCatchOne" "tryCatchList" "tryCatch" "doTryCatch" "tryCatchOne" "tryCatchList" "tryCatch" "e$fun" "%do%" "readRefData" 
"as.environment" "as.environment" "$<-" "inPlaceModel.create" "modelFromFile" "eval" "eval" "doTryCatch" "tryCatchOne" "tryCatchList" "tryCatch" "doTryCatch" "tryCatchOne" "tryCatchList" "tryCatch" "e$fun" "%do%" "readRefData" 
"get" "$" "inPlaceModel.create" "modelFromFile" "eval" "eval" "doTryCatch" "tryCatchOne" "tryCatchList" "tryCatch" "doTryCatch" "tryCatchOne" "tryCatchList" "tryCatch" "e$fun" "%do%" "readRefData" 
"modelConststr" "modelConststr" "modelConststr" "modelConststr" "modelConststr" "modelConststr" "modelConststr" "modelConststr" "inPlaceModel.create" "modelFromFile" "eval" "eval" "doTryCatch" "tryCatchOne" "tryCatchList" "tryCatch" "doTryCatch" "tryCatchOne" "tryCatchList" "tryCatch" "e$fun" "%do%" "readRefData" 
"modelConststr" "modelConststr" "modelConststr" "modelConststr" "modelConststr" "modelConststr" "modelConststr" "modelConststr" "modelConststr" "inPlaceModel.create" "modelFromFile" "eval" "eval" "doTryCatch" "tryCatchOne" "tryCatchList" "tryCatch" "doTryCatch" "tryCatchOne" "tryCatchList" "tryCatch" "e$fun" "%do%" "readRefData" 
"as.list" "vapply" "rm" "inPlaceModel.create" "modelFromFile" "eval" "eval" "doTryCatch" "tryCatchOne" "tryCatchList" "tryCatch" "doTryCatch" "tryCatchOne" "tryCatchList" "tryCatch" "e$fun" "%do%" "readRefData" 
"as.list" "vapply" "rm" "inPlaceModel.create" "modelFromFile" "eval" "eval" "doTryCatch" "tryCatchOne" "tryCatchList" "tryCatch" "doTryCatch" "tryCatchOne" "tryCatchList" "tryCatch" "e$fun" "%do%" "readRefData" 
"inPlaceModel.create" "modelFromFile" "eval" "eval" "doTryCatch" "tryCatchOne" "tryCatchList" "tryCatch" "doTryCatch" "tryCatchOne" "tryCatchList" "tryCatch" "e$fun" "%do%" "readRefData" 
"modelConststr" "modelConststr" "modelConststr" "modelConststr" "modelConststr" "modelConststr" "modelConststr" "modelConststr" "inPlaceModel.create" "modelFromFile" "eval" "eval" "doTryCatch" "tryCatchOne" "tryCatchList" "tryCatch" "doTryCatch" "tryCatchOne" "tryCatchList" "tryCatch" "e$fun" "%do%" "readRefData" 
"modelConststr" "modelConststr" "modelConststr" "modelConststr" "modelConststr" "modelConststr" "modelConststr" "modelConststr" "modelConststr" "modelConststr" "inPlaceModel.create" "modelFromFile" "eval" "eval" "doTryCatch" "tryCatchOne" "tryCatchList" "tryCatch" "doTryCatch" "tryCatchOne" "tryCatchList" "tryCatch" "e$fun" "%do%" "readRefData" 
"parent.frame" "new.env" "modelConststr" "modelConststr" "modelConststr" "modelConststr" "modelConststr" "modelConststr" "modelConststr" "modelConststr" "modelConststr" "modelConststr" "inPlaceModel.create" "modelFromFile" "eval" "eval" "doTryCatch" "tryCatchOne" "tryCatchList" "tryCatch" "doTryCatch" "tryCatchOne" "tryCatchList" "tryCatch" "e$fun" "%do%" "readRefData" 
"get" ":::" "<Anonymous>" "assign" "envRefSetField" "$<-" "inPlaceModel.create" "modelFromFile" "eval" "eval" "doTryCatch" "tryCatchOne" "tryCatchList" "tryCatch" "doTryCatch" "tryCatchOne" "tryCatchList" "tryCatch" "e$fun" "%do%" "readRefData" 
"<Anonymous>" "assign" "envRefSetField" "$<-" "inPlaceModel.create" "modelFromFile" "eval" "eval" "doTryCatch" "tryCatchOne" "tryCatchList" "tryCatch" "doTryCatch" "tryCatchOne" "tryCatchList" "tryCatch" "e$fun" "%do%" "readRefData" 
"stopifnot" "tail.default" "tail" "inPlaceModel.create" "modelFromFile" "eval" "eval" "doTryCatch" "tryCatchOne" "tryCatchList" "tryCatch" "doTryCatch" "tryCatchOne" "tryCatchList" "tryCatch" "e$fun" "%do%" "readRefData" 
"modelConststr" "modelConststr" "modelConststr" "modelConststr" "modelConststr" "modelConststr" "modelConststr" "modelConststr" "modelConststr" "inPlaceModel.create" "modelFromFile" "eval" "eval" "doTryCatch" "tryCatchOne" "tryCatchList" "tryCatch" "doTryCatch" "tryCatchOne" "tryCatchList" "tryCatch" "e$fun" "%do%" "readRefData" 
"<Anonymous>" "assign" "envRefSetField" "$<-" "inPlaceModel.create" "modelFromFile" "eval" "eval" "doTryCatch" "tryCatchOne" "tryCatchList" "tryCatch" "doTryCatch" "tryCatchOne" "tryCatchList" "tryCatch" "e$fun" "%do%" "readRefData" 
":::" "<Anonymous>" "assign" "envRefSetField" "$<-" "inPlaceModel.create" "modelFromFile" "eval" "eval" "doTryCatch" "tryCatchOne" "tryCatchList" "tryCatch" "doTryCatch" "tryCatchOne" "tryCatchList" "tryCatch" "e$fun" "%do%" "readRefData" 
"sys.parent" "sys.function" "match.call" "stopifnot" "tail.default" "tail" "inPlaceModel.create" "modelFromFile" "eval" "eval" "doTryCatch" "tryCatchOne" "tryCatchList" "tryCatch" "doTryCatch" "tryCatchOne" "tryCatchList" "tryCatch" "e$fun" "%do%" "readRefData" 
"exists" "$" "inPlaceModel.create" "modelFromFile" "eval" "eval" "doTryCatch" "tryCatchOne" "tryCatchList" "tryCatch" "doTryCatch" "tryCatchOne" "tryCatchList" "tryCatch" "e$fun" "%do%" "readRefData" 
"sys.function" "match.call" "stopifnot" "tail.default" "tail" "inPlaceModel.create" "modelFromFile" "eval" "eval" "doTryCatch" "tryCatchOne" "tryCatchList" "tryCatch" "doTryCatch" "tryCatchOne" "tryCatchList" "tryCatch" "e$fun" "%do%" "readRefData" 
"rm" "inPlaceModel.create" "modelFromFile" "eval" "eval" "doTryCatch" "tryCatchOne" "tryCatchList" "tryCatch" "doTryCatch" "tryCatchOne" "tryCatchList" "tryCatch" "e$fun" "%do%" "readRefData" 
"modelConststr" "modelConststr" "modelConststr" "modelConststr" "modelConststr" "modelConststr" "modelConststr" "modelConststr" "modelConststr" "modelConststr" "modelConststr" "inPlaceModel.create" "modelFromFile" "eval" "eval" "doTryCatch" "tryCatchOne" "tryCatchList" "tryCatch" "doTryCatch" "tryCatchOne" "tryCatchList" "tryCatch" "e$fun" "%do%" "readRefData" 
".getClassFromCache" "getClassDef" "refObjectClass" "envRefSetField" "$<-" "inPlaceModel.create" "modelFromFile" "eval" "eval" "doTryCatch" "tryCatchOne" "tryCatchList" "tryCatch" "doTryCatch" "tryCatchOne" "tryCatchList" "tryCatch" "e$fun" "%do%" "readRefData" 
"gsub" "cleanLine" "strsplit" "modelFromFile" "eval" "eval" "doTryCatch" "tryCatchOne" "tryCatchList" "tryCatch" "doTryCatch" "tryCatchOne" "tryCatchList" "tryCatch" "e$fun" "%do%" "readRefData" 
"as.environment" "as.environment" "$<-" "inPlaceModel.create" "modelFromFile" "eval" "eval" "doTryCatch" "tryCatchOne" "tryCatchList" "tryCatch" "doTryCatch" "tryCatchOne" "tryCatchList" "tryCatch" "e$fun" "%do%" "readRefData" 
"modelConststr" "modelConststr" "modelConststr" "modelConststr" "modelConststr" "modelConststr" "modelConststr" "modelConststr" "inPlaceModel.create" "modelFromFile" "eval" "eval" "doTryCatch" "tryCatchOne" "tryCatchList" "tryCatch" "doTryCatch" "tryCatchOne" "tryCatchList" "tryCatch" "e$fun" "%do%" "readRefData" 
"new.env" "modelConststr" "modelConststr" "modelConststr" "modelConststr" "modelConststr" "modelConststr" "modelConststr" "modelConststr" "modelConststr" "modelConststr" "modelConststr" "inPlaceModel.create" "modelFromFile" "eval" "eval" "doTryCatch" "tryCatchOne" "tryCatchList" "tryCatch" "doTryCatch" "tryCatchOne" "tryCatchList" "tryCatch" "e$fun" "%do%" "readRefData" 
"new.env" "modelConststr" "modelConststr" "modelConststr" "modelConststr" "modelConststr" "modelConststr" "modelConststr" "modelConststr" "modelConststr" "modelConststr" "modelConststr" "inPlaceModel.create" "modelFromFile" "eval" "eval" "doTryCatch" "tryCatchOne" "tryCatchList" "tryCatch" "doTryCatch" "tryCatchOne" "tryCatchList" "tryCatch" "e$fun" "%do%" "readRefData" 
"match.call" "rm" "inPlaceModel.create" "modelFromFile" "eval" "eval" "doTryCatch" "tryCatchOne" "tryCatchList" "tryCatch" "doTryCatch" "tryCatchOne" "tryCatchList" "tryCatch" "e$fun" "%do%" "readRefData" 
"inPlaceModel.create" "modelFromFile" "eval" "eval" "doTryCatch" "tryCatchOne" "tryCatchList" "tryCatch" "doTryCatch" "tryCatchOne" "tryCatchList" "tryCatch" "e$fun" "%do%" "readRefData" 
"modelConststr" "modelConststr" "modelConststr" "modelConststr" "modelConststr" "modelConststr" "modelConststr" "modelConststr" "modelConststr" "inPlaceModel.create" "modelFromFile" "eval" "eval" "doTryCatch" "tryCatchOne" "tryCatchList" "tryCatch" "doTryCatch" "tryCatchOne" "tryCatchList" "tryCatch" "e$fun" "%do%" "readRefData" 
"$<-" "inPlaceModel.create" "modelFromFile" "eval" "eval" "doTryCatch" "tryCatchOne" "tryCatchList" "tryCatch" "doTryCatch" "tryCatchOne" "tryCatchList" "tryCatch" "e$fun" "%do%" "readRefData" 
"inPlaceModel.create" "modelFromFile" "eval" "eval" "doTryCatch" "tryCatchOne" "tryCatchList" "tryCatch" "doTryCatch" "tryCatchOne" "tryCatchList" "tryCatch" "e$fun" "%do%" "readRefData" 
"modelConststr" "modelConststr" "modelConststr" "modelConststr" "modelConststr" "modelConststr" "modelConststr" "modelConststr" "modelConststr" "inPlaceModel.create" "modelFromFile" "eval" "eval" "doTryCatch" "tryCatchOne" "tryCatchList" "tryCatch" "doTryCatch" "tryCatchOne" "tryCatchList" "tryCatch" "e$fun" "%do%" "readRefData" 
"tail" "inPlaceModel.create" "modelFromFile" "eval" "eval" "doTryCatch" "tryCatchOne" "tryCatchList" "tryCatch" "doTryCatch" "tryCatchOne" "tryCatchList" "tryCatch" "e$fun" "%do%" "readRefData" 
"vapply" "rm" "inPlaceModel.create" "modelFromFile" "eval" "eval" "doTryCatch" "tryCatchOne" "tryCatchList" "tryCatch" "doTryCatch" "tryCatchOne" "tryCatchList" "tryCatch" "e$fun" "%do%" "readRefData" 
"$<-" "inPlaceModel.create" "modelFromFile" "eval" "eval" "doTryCatch" "tryCatchOne" "tryCatchList" "tryCatch" "doTryCatch" "tryCatchOne" "tryCatchList" "tryCatch" "e$fun" "%do%" "readRefData" 
"as.environment" "as.environment" "$" "modelConststr" "inPlaceModel.create" "modelFromFile" "eval" "eval" "doTryCatch" "tryCatchOne" "tryCatchList" "tryCatch" "doTryCatch" "tryCatchOne" "tryCatchList" "tryCatch" "e$fun" "%do%" "readRefData" 
"as.environment" "methods:::.setDummyField" "<Anonymous>" "assign" "envRefSetField" "$<-" "inPlaceModel.create" "modelFromFile" "eval" "eval" "doTryCatch" "tryCatchOne" "tryCatchList" "tryCatch" "doTryCatch" "tryCatchOne" "tryCatchList" "tryCatch" "e$fun" "%do%" "readRefData" 
"as.list" "vapply" "rm" "inPlaceModel.create" "modelFromFile" "eval" "eval" "doTryCatch" "tryCatchOne" "tryCatchList" "tryCatch" "doTryCatch" "tryCatchOne" "tryCatchList" "tryCatch" "e$fun" "%do%" "readRefData" 
"modelConststr" "inPlaceModel.create" "modelFromFile" "eval" "eval" "doTryCatch" "tryCatchOne" "tryCatchList" "tryCatch" "doTryCatch" "tryCatchOne" "tryCatchList" "tryCatch" "e$fun" "%do%" "readRefData" 
"$" "modelConststr" "inPlaceModel.create" "modelFromFile" "eval" "eval" "doTryCatch" "tryCatchOne" "tryCatchList" "tryCatch" "doTryCatch" "tryCatchOne" "tryCatchList" "tryCatch" "e$fun" "%do%" "readRefData" 
"modelConststr" "modelConststr" "modelConststr" "inPlaceModel.create" "modelFromFile" "eval" "eval" "doTryCatch" "tryCatchOne" "tryCatchList" "tryCatch" "doTryCatch" "tryCatchOne" "tryCatchList" "tryCatch" "e$fun" "%do%" "readRefData" 
"modelConststr" "modelConststr" "modelConststr" "inPlaceModel.create" "modelFromFile" "eval" "eval" "doTryCatch" "tryCatchOne" "tryCatchList" "tryCatch" "doTryCatch" "tryCatchOne" "tryCatchList" "tryCatch" "e$fun" "%do%" "readRefData" 
"envRefSetField" "$<-" "inPlaceModel.create" "modelFromFile" "eval" "eval" "doTryCatch" "tryCatchOne" "tryCatchList" "tryCatch" "doTryCatch" "tryCatchOne" "tryCatchList" "tryCatch" "e$fun" "%do%" "readRefData" 
"$" "inPlaceModel.create" "modelFromFile" "eval" "eval" "doTryCatch" "tryCatchOne" "tryCatchList" "tryCatch" "doTryCatch" "tryCatchOne" "tryCatchList" "tryCatch" "e$fun" "%do%" "readRefData" 
"modelConststr" "modelConststr" "modelConststr" "modelConststr" "modelConststr" "modelConststr" "modelConststr" "modelConststr" "inPlaceModel.create" "modelFromFile" "eval" "eval" "doTryCatch" "tryCatchOne" "tryCatchList" "tryCatch" "doTryCatch" "tryCatchOne" "tryCatchList" "tryCatch" "e$fun" "%do%" "readRefData" 
"as.environment" "as.environment" "$<-" "inPlaceModel.create" "modelFromFile" "eval" "eval" "doTryCatch" "tryCatchOne" "tryCatchList" "tryCatch" "doTryCatch" "tryCatchOne" "tryCatchList" "tryCatch" "e$fun" "%do%" "readRefData" 
"getClassDef" "is" "refObjectClass" "envRefSetField" "$<-" "inPlaceModel.create" "modelFromFile" "eval" "eval" "doTryCatch" "tryCatchOne" "tryCatchList" "tryCatch" "doTryCatch" "tryCatchOne" "tryCatchList" "tryCatch" "e$fun" "%do%" "readRefData" 
"exists" "$" "modelConststr" "inPlaceModel.create" "modelFromFile" "eval" "eval" "doTryCatch" "tryCatchOne" "tryCatchList" "tryCatch" "doTryCatch" "tryCatchOne" "tryCatchList" "tryCatch" "e$fun" "%do%" "readRefData" 
"modelConststr" "modelConststr" "modelConststr" "inPlaceModel.create" "modelFromFile" "eval" "eval" "doTryCatch" "tryCatchOne" "tryCatchList" "tryCatch" "doTryCatch" "tryCatchOne" "tryCatchList" "tryCatch" "e$fun" "%do%" "readRefData" 
"FUN" "vapply" "rm" "inPlaceModel.create" "modelFromFile" "eval" "eval" "doTryCatch" "tryCatchOne" "tryCatchList" "tryCatch" "doTryCatch" "tryCatchOne" "tryCatchList" "tryCatch" "e$fun" "%do%" "readRefData" 
"as.list" "vapply" "rm" "inPlaceModel.create" "modelFromFile" "eval" "eval" "doTryCatch" "tryCatchOne" "tryCatchList" "tryCatch" "doTryCatch" "tryCatchOne" "tryCatchList" "tryCatch" "e$fun" "%do%" "readRefData" 
"modelConststr" "modelConststr" "modelConststr" "modelConststr" "modelConststr" "inPlaceModel.create" "modelFromFile" "eval" "eval" "doTryCatch" "tryCatchOne" "tryCatchList" "tryCatch" "doTryCatch" "tryCatchOne" "tryCatchList" "tryCatch" "e$fun" "%do%" "readRefData" 
"inPlaceModel.create" "modelFromFile" "eval" "eval" "doTryCatch" "tryCatchOne" "tryCatchList" "tryCatch" "doTryCatch" "tryCatchOne" "tryCatchList" "tryCatch" "e$fun" "%do%" "readRefData" 
"inPlaceModel.create" "modelFromFile" "eval" "eval" "doTryCatch" "tryCatchOne" "tryCatchList" "tryCatch" "doTryCatch" "tryCatchOne" "tryCatchList" "tryCatch" "e$fun" "%do%" "readRefData" 
"assign" "envRefSetField" "$<-" "inPlaceModel.create" "modelFromFile" "eval" "eval" "doTryCatch" "tryCatchOne" "tryCatchList" "tryCatch" "doTryCatch" "tryCatchOne" "tryCatchList" "tryCatch" "e$fun" "%do%" "readRefData" 
"$" "modelConststr" "inPlaceModel.create" "modelFromFile" "eval" "eval" "doTryCatch" "tryCatchOne" "tryCatchList" "tryCatch" "doTryCatch" "tryCatchOne" "tryCatchList" "tryCatch" "e$fun" "%do%" "readRefData" 
"$" "modelConststr" "inPlaceModel.create" "modelFromFile" "eval" "eval" "doTryCatch" "tryCatchOne" "tryCatchList" "tryCatch" "doTryCatch" "tryCatchOne" "tryCatchList" "tryCatch" "e$fun" "%do%" "readRefData" 
"as.environment" "as.environment" "$<-" "inPlaceModel.create" "modelFromFile" "eval" "eval" "doTryCatch" "tryCatchOne" "tryCatchList" "tryCatch" "doTryCatch" "tryCatchOne" "tryCatchList" "tryCatch" "e$fun" "%do%" "readRefData" 
"modelConststr" "modelConststr" "inPlaceModel.create" "modelFromFile" "eval" "eval" "doTryCatch" "tryCatchOne" "tryCatchList" "tryCatch" "doTryCatch" "tryCatchOne" "tryCatchList" "tryCatch" "e$fun" "%do%" "readRefData" 
"tail" "inPlaceModel.create" "modelFromFile" "eval" "eval" "doTryCatch" "tryCatchOne" "tryCatchList" "tryCatch" "doTryCatch" "tryCatchOne" "tryCatchList" "tryCatch" "e$fun" "%do%" "readRefData" 
"rm" "inPlaceModel.create" "modelFromFile" "eval" "eval" "doTryCatch" "tryCatchOne" "tryCatchList" "tryCatch" "doTryCatch" "tryCatchOne" "tryCatchList" "tryCatch" "e$fun" "%do%" "readRefData" 
"is" "methods:::.setDummyField" "<Anonymous>" "assign" "envRefSetField" "$<-" "inPlaceModel.create" "modelFromFile" "eval" "eval" "doTryCatch" "tryCatchOne" "tryCatchList" "tryCatch" "doTryCatch" "tryCatchOne" "tryCatchList" "tryCatch" "e$fun" "%do%" "readRefData" 
"sys.call" "match.call" "rm" "inPlaceModel.create" "modelFromFile" "eval" "eval" "doTryCatch" "tryCatchOne" "tryCatchList" "tryCatch" "doTryCatch" "tryCatchOne" "tryCatchList" "tryCatch" "e$fun" "%do%" "readRefData" 
"modelConststr" "modelConststr" "modelConststr" "modelConststr" "modelConststr" "modelConststr" "modelConststr" "modelConststr" "modelConststr" "modelConststr" "modelConststr" "inPlaceModel.create" "modelFromFile" "eval" "eval" "doTryCatch" "tryCatchOne" "tryCatchList" "tryCatch" "doTryCatch" "tryCatchOne" "tryCatchList" "tryCatch" "e$fun" "%do%" "readRefData" 
"sys.call" "match.call" "stopifnot" "tail.default" "tail" "inPlaceModel.create" "modelFromFile" "eval" "eval" "doTryCatch" "tryCatchOne" "tryCatchList" "tryCatch" "doTryCatch" "tryCatchOne" "tryCatchList" "tryCatch" "e$fun" "%do%" "readRefData" 
"new.env" "modelConststr" "modelConststr" "modelConststr" "modelConststr" "modelConststr" "modelConststr" "inPlaceModel.create" "modelFromFile" "eval" "eval" "doTryCatch" "tryCatchOne" "tryCatchList" "tryCatch" "doTryCatch" "tryCatchOne" "tryCatchList" "tryCatch" "e$fun" "%do%" "readRefData" 
"getClassDef" "refObjectClass" "envRefSetField" "$<-" "inPlaceModel.create" "modelFromFile" "eval" "eval" "doTryCatch" "tryCatchOne" "tryCatchList" "tryCatch" "doTryCatch" "tryCatchOne" "tryCatchList" "tryCatch" "e$fun" "%do%" "readRefData" 
"modelConststr" "modelConststr" "inPlaceModel.create" "modelFromFile" "eval" "eval" "doTryCatch" "tryCatchOne" "tryCatchList" "tryCatch" "doTryCatch" "tryCatchOne" "tryCatchList" "tryCatch" "e$fun" "%do%" "readRefData" 
"$" "modelConststr" "inPlaceModel.create" "modelFromFile" "eval" "eval" "doTryCatch" "tryCatchOne" "tryCatchList" "tryCatch" "doTryCatch" "tryCatchOne" "tryCatchList" "tryCatch" "e$fun" "%do%" "readRefData" 
"as.environment" "as.environment" "$" "modelConststr" "inPlaceModel.create" "modelFromFile" "eval" "eval" "doTryCatch" "tryCatchOne" "tryCatchList" "tryCatch" "doTryCatch" "tryCatchOne" "tryCatchList" "tryCatch" "e$fun" "%do%" "readRefData" 
"stopifnot" "tail.default" "tail" "inPlaceModel.create" "modelFromFile" "eval" "eval" "doTryCatch" "tryCatchOne" "tryCatchList" "tryCatch" "doTryCatch" "tryCatchOne" "tryCatchList" "tryCatch" "e$fun" "%do%" "readRefData" 
"is.list" ".getClassFromCache" "getClassDef" "is" "refObjectClass" "envRefSetField" "$<-" "inPlaceModel.create" "modelFromFile" "eval" "eval" "doTryCatch" "tryCatchOne" "tryCatchList" "tryCatch" "doTryCatch" "tryCatchOne" "tryCatchList" "tryCatch" "e$fun" "%do%" "readRefData" 
"getClassDef" "is" "refObjectClass" "envRefSetField" "$<-" "inPlaceModel.create" "modelFromFile" "eval" "eval" "doTryCatch" "tryCatchOne" "tryCatchList" "tryCatch" "doTryCatch" "tryCatchOne" "tryCatchList" "tryCatch" "e$fun" "%do%" "readRefData" 
"is" "methods:::.setDummyField" "<Anonymous>" "assign" "envRefSetField" "$<-" "inPlaceModel.create" "modelFromFile" "eval" "eval" "doTryCatch" "tryCatchOne" "tryCatchList" "tryCatch" "doTryCatch" "tryCatchOne" "tryCatchList" "tryCatch" "e$fun" "%do%" "readRefData" 
"modelConststr" "modelConststr" "modelConststr" "modelConststr" "inPlaceModel.create" "modelFromFile" "eval" "eval" "doTryCatch" "tryCatchOne" "tryCatchList" "tryCatch" "doTryCatch" "tryCatchOne" "tryCatchList" "tryCatch" "e$fun" "%do%" "readRefData" 
"as.list" "vapply" "rm" "inPlaceModel.create" "modelFromFile" "eval" "eval" "doTryCatch" "tryCatchOne" "tryCatchList" "tryCatch" "doTryCatch" "tryCatchOne" "tryCatchList" "tryCatch" "e$fun" "%do%" "readRefData" 
"modelConststr" "modelConststr" "inPlaceModel.create" "modelFromFile" "eval" "eval" "doTryCatch" "tryCatchOne" "tryCatchList" "tryCatch" "doTryCatch" "tryCatchOne" "tryCatchList" "tryCatch" "e$fun" "%do%" "readRefData" 
"modelConststr" "modelConststr" "modelConststr" "modelConststr" "modelConststr" "modelConststr" "modelConststr" "modelConststr" "modelConststr" "modelConststr" "inPlaceModel.create" "modelFromFile" "eval" "eval" "doTryCatch" "tryCatchOne" "tryCatchList" "tryCatch" "doTryCatch" "tryCatchOne" "tryCatchList" "tryCatch" "e$fun" "%do%" "readRefData" 
"as.environment" "as.environment" "$" "inPlaceModel.create" "modelFromFile" "eval" "eval" "doTryCatch" "tryCatchOne" "tryCatchList" "tryCatch" "doTryCatch" "tryCatchOne" "tryCatchList" "tryCatch" "e$fun" "%do%" "readRefData" 
"$" "inPlaceModel.create" "modelFromFile" "eval" "eval" "doTryCatch" "tryCatchOne" "tryCatchList" "tryCatch" "doTryCatch" "tryCatchOne" "tryCatchList" "tryCatch" "e$fun" "%do%" "readRefData" 
"modelConststr" "modelConststr" "modelConststr" "modelConststr" "modelConststr" "modelConststr" "modelConststr" "modelConststr" "modelConststr" "inPlaceModel.create" "modelFromFile" "eval" "eval" "doTryCatch" "tryCatchOne" "tryCatchList" "tryCatch" "doTryCatch" "tryCatchOne" "tryCatchList" "tryCatch" "e$fun" "%do%" "readRefData" 
"as.list" "vapply" "rm" "inPlaceModel.create" "modelFromFile" "eval" "eval" "doTryCatch" "tryCatchOne" "tryCatchList" "tryCatch" "doTryCatch" "tryCatchOne" "tryCatchList" "tryCatch" "e$fun" "%do%" "readRefData" 
"as.environment" "as.environment" "methods:::.setDummyField" "<Anonymous>" "assign" "envRefSetField" "$<-" "inPlaceModel.create" "modelFromFile" "eval" "eval" "doTryCatch" "tryCatchOne" "tryCatchList" "tryCatch" "doTryCatch" "tryCatchOne" "tryCatchList" "tryCatch" "e$fun" "%do%" "readRefData" 
"new.env" "modelConststr" "modelConststr" "modelConststr" "modelConststr" "modelConststr" "inPlaceModel.create" "modelFromFile" "eval" "eval" "doTryCatch" "tryCatchOne" "tryCatchList" "tryCatch" "doTryCatch" "tryCatchOne" "tryCatchList" "tryCatch" "e$fun" "%do%" "readRefData" 
"exists" "$" "modelConststr" "inPlaceModel.create" "modelFromFile" "eval" "eval" "doTryCatch" "tryCatchOne" "tryCatchList" "tryCatch" "doTryCatch" "tryCatchOne" "tryCatchList" "tryCatch" "e$fun" "%do%" "readRefData" 
"modelConststr" "modelConststr" "modelConststr" "modelConststr" "modelConststr" "inPlaceModel.create" "modelFromFile" "eval" "eval" "doTryCatch" "tryCatchOne" "tryCatchList" "tryCatch" "doTryCatch" "tryCatchOne" "tryCatchList" "tryCatch" "e$fun" "%do%" "readRefData" 
"$<-" "inPlaceModel.create" "modelFromFile" "eval" "eval" "doTryCatch" "tryCatchOne" "tryCatchList" "tryCatch" "doTryCatch" "tryCatchOne" "tryCatchList" "tryCatch" "e$fun" "%do%" "readRefData" 
"$<-" "inPlaceModel.create" "modelFromFile" "eval" "eval" "doTryCatch" "tryCatchOne" "tryCatchList" "tryCatch" "doTryCatch" "tryCatchOne" "tryCatchList" "tryCatch" "e$fun" "%do%" "readRefData" 
"modelConststr" "modelConststr" "modelConststr" "modelConststr" "modelConststr" "inPlaceModel.create" "modelFromFile" "eval" "eval" "doTryCatch" "tryCatchOne" "tryCatchList" "tryCatch" "doTryCatch" "tryCatchOne" "tryCatchList" "tryCatch" "e$fun" "%do%" "readRefData" 
"$" "inPlaceModel.create" "modelFromFile" "eval" "eval" "doTryCatch" "tryCatchOne" "tryCatchList" "tryCatch" "doTryCatch" "tryCatchOne" "tryCatchList" "tryCatch" "e$fun" "%do%" "readRefData" 
"get" ":::" "<Anonymous>" "assign" "envRefSetField" "$<-" "inPlaceModel.create" "modelFromFile" "eval" "eval" "doTryCatch" "tryCatchOne" "tryCatchList" "tryCatch" "doTryCatch" "tryCatchOne" "tryCatchList" "tryCatch" "e$fun" "%do%" "readRefData" 
"refObjectClass" "envRefSetField" "$<-" "inPlaceModel.create" "modelFromFile" "eval" "eval" "doTryCatch" "tryCatchOne" "tryCatchList" "tryCatch" "doTryCatch" "tryCatchOne" "tryCatchList" "tryCatch" "e$fun" "%do%" "readRefData" 
"modelConststr" "modelConststr" "inPlaceModel.create" "modelFromFile" "eval" "eval" "doTryCatch" "tryCatchOne" "tryCatchList" "tryCatch" "doTryCatch" "tryCatchOne" "tryCatchList" "tryCatch" "e$fun" "%do%" "readRefData" 
"modelConststr" "modelConststr" "inPlaceModel.create" "modelFromFile" "eval" "eval" "doTryCatch" "tryCatchOne" "tryCatchList" "tryCatch" "doTryCatch" "tryCatchOne" "tryCatchList" "tryCatch" "e$fun" "%do%" "readRefData" 
"modelConststr" "modelConststr" "inPlaceModel.create" "modelFromFile" "eval" "eval" "doTryCatch" "tryCatchOne" "tryCatchList" "tryCatch" "doTryCatch" "tryCatchOne" "tryCatchList" "tryCatch" "e$fun" "%do%" "readRefData" 
"modelConststr" "modelConststr" "inPlaceModel.create" "modelFromFile" "eval" "eval" "doTryCatch" "tryCatchOne" "tryCatchList" "tryCatch" "doTryCatch" "tryCatchOne" "tryCatchList" "tryCatch" "e$fun" "%do%" "readRefData" 
"modelConststr" "modelConststr" "inPlaceModel.create" "modelFromFile" "eval" "eval" "doTryCatch" "tryCatchOne" "tryCatchList" "tryCatch" "doTryCatch" "tryCatchOne" "tryCatchList" "tryCatch" "e$fun" "%do%" "readRefData" 
"modelConststr" "modelConststr" "inPlaceModel.create" "modelFromFile" "eval" "eval" "doTryCatch" "tryCatchOne" "tryCatchList" "tryCatch" "doTryCatch" "tryCatchOne" "tryCatchList" "tryCatch" "e$fun" "%do%" "readRefData" 
"modelConststr" "modelConststr" "inPlaceModel.create" "modelFromFile" "eval" "eval" "doTryCatch" "tryCatchOne" "tryCatchList" "tryCatch" "doTryCatch" "tryCatchOne" "tryCatchList" "tryCatch" "e$fun" "%do%" "readRefData" 
".identC" "is" "methods:::.setDummyField" "<Anonymous>" "assign" "envRefSetField" "$<-" "inPlaceModel.create" "modelFromFile" "eval" "eval" "doTryCatch" "tryCatchOne" "tryCatchList" "tryCatch" "doTryCatch" "tryCatchOne" "tryCatchList" "tryCatch" "e$fun" "%do%" "readRefData" 
"modelConststr" "modelConststr" "modelConststr" "modelConststr" "modelConststr" "modelConststr" "modelConststr" "inPlaceModel.create" "modelFromFile" "eval" "eval" "doTryCatch" "tryCatchOne" "tryCatchList" "tryCatch" "doTryCatch" "tryCatchOne" "tryCatchList" "tryCatch" "e$fun" "%do%" "readRefData" 
"modelConststr" "inPlaceModel.create" "modelFromFile" "eval" "eval" "doTryCatch" "tryCatchOne" "tryCatchList" "tryCatch" "doTryCatch" "tryCatchOne" "tryCatchList" "tryCatch" "e$fun" "%do%" "readRefData" 
"modelConststr" "modelConststr" "modelConststr" "modelConststr" "modelConststr" "modelConststr" "modelConststr" "modelConststr" "inPlaceModel.create" "modelFromFile" "eval" "eval" "doTryCatch" "tryCatchOne" "tryCatchList" "tryCatch" "doTryCatch" "tryCatchOne" "tryCatchList" "tryCatch" "e$fun" "%do%" "readRefData" 
"tail" "inPlaceModel.create" "modelFromFile" "eval" "eval" "doTryCatch" "tryCatchOne" "tryCatchList" "tryCatch" "doTryCatch" "tryCatchOne" "tryCatchList" "tryCatch" "e$fun" "%do%" "readRefData" 
"parent.frame" "new.env" "modelConststr" "modelConststr" "modelConststr" "modelConststr" "modelConststr" "modelConststr" "modelConststr" "modelConststr" "modelConststr" "inPlaceModel.create" "modelFromFile" "eval" "eval" "doTryCatch" "tryCatchOne" "tryCatchList" "tryCatch" "doTryCatch" "tryCatchOne" "tryCatchList" "tryCatch" "e$fun" "%do%" "readRefData" 
"modelConststr" "modelConststr" "modelConststr" "modelConststr" "modelConststr" "modelConststr" "modelConststr" "modelConststr" "modelConststr" "inPlaceModel.create" "modelFromFile" "eval" "eval" "doTryCatch" "tryCatchOne" "tryCatchList" "tryCatch" "doTryCatch" "tryCatchOne" "tryCatchList" "tryCatch" "e$fun" "%do%" "readRefData" 
"modelConststr" "modelConststr" "inPlaceModel.create" "modelFromFile" "eval" "eval" "doTryCatch" "tryCatchOne" "tryCatchList" "tryCatch" "doTryCatch" "tryCatchOne" "tryCatchList" "tryCatch" "e$fun" "%do%" "readRefData" 
"modelConststr" "modelConststr" "modelConststr" "modelConststr" "inPlaceModel.create" "modelFromFile" "eval" "eval" "doTryCatch" "tryCatchOne" "tryCatchList" "tryCatch" "doTryCatch" "tryCatchOne" "tryCatchList" "tryCatch" "e$fun" "%do%" "readRefData" 
"exists" "$" "modelConststr" "inPlaceModel.create" "modelFromFile" "eval" "eval" "doTryCatch" "tryCatchOne" "tryCatchList" "tryCatch" "doTryCatch" "tryCatchOne" "tryCatchList" "tryCatch" "e$fun" "%do%" "readRefData" 
"print.default" "print" "showDefault" "methods::show" "methods::show" "object$show" "<Anonymous>" "<Anonymous>" "print.default" "print" "doTryCatch" "tryCatchOne" "tryCatchList" "tryCatch" "e$fun" "%do%" "readRefData" 
"as.environment" "as.environment" "$" "modelConststr" "inPlaceModel.create" "modelFromFile" "eval" "eval" "doTryCatch" "tryCatchOne" "tryCatchList" "tryCatch" "doTryCatch" "tryCatchOne" "tryCatchList" "tryCatch" "e$fun" "%do%" "readRefData" 
"is" "methods:::.setDummyField" "<Anonymous>" "assign" "envRefSetField" "$<-" "inPlaceModel.create" "modelFromFile" "eval" "eval" "doTryCatch" "tryCatchOne" "tryCatchList" "tryCatch" "doTryCatch" "tryCatchOne" "tryCatchList" "tryCatch" "e$fun" "%do%" "readRefData" 
"<Anonymous>" "get" "$" "inPlaceModel.create" "modelFromFile" "eval" "eval" "doTryCatch" "tryCatchOne" "tryCatchList" "tryCatch" "doTryCatch" "tryCatchOne" "tryCatchList" "tryCatch" "e$fun" "%do%" "readRefData" 
"<Anonymous>" "assign" "envRefSetField" "$<-" "inPlaceModel.create" "modelFromFile" "eval" "eval" "doTryCatch" "tryCatchOne" "tryCatchList" "tryCatch" "doTryCatch" "tryCatchOne" "tryCatchList" "tryCatch" "e$fun" "%do%" "readRefData" 
"<Anonymous>" "assign" "envRefSetField" "$<-" "inPlaceModel.create" "modelFromFile" "eval" "eval" "doTryCatch" "tryCatchOne" "tryCatchList" "tryCatch" "doTryCatch" "tryCatchOne" "tryCatchList" "tryCatch" "e$fun" "%do%" "readRefData" 
"modelConststr" "modelConststr" "modelConststr" "inPlaceModel.create" "modelFromFile" "eval" "eval" "doTryCatch" "tryCatchOne" "tryCatchList" "tryCatch" "doTryCatch" "tryCatchOne" "tryCatchList" "tryCatch" "e$fun" "%do%" "readRefData" 
"modelConststr" "modelConststr" "modelConststr" "modelConststr" "modelConststr" "modelConststr" "modelConststr" "modelConststr" "modelConststr" "inPlaceModel.create" "modelFromFile" "eval" "eval" "doTryCatch" "tryCatchOne" "tryCatchList" "tryCatch" "doTryCatch" "tryCatchOne" "tryCatchList" "tryCatch" "e$fun" "%do%" "readRefData" 
"new.env" "modelConststr" "modelConststr" "modelConststr" "modelConststr" "modelConststr" "modelConststr" "modelConststr" "modelConststr" "modelConststr" "modelConststr" "inPlaceModel.create" "modelFromFile" "eval" "eval" "doTryCatch" "tryCatchOne" "tryCatchList" "tryCatch" "doTryCatch" "tryCatchOne" "tryCatchList" "tryCatch" "e$fun" "%do%" "readRefData" 
"modelConststr" "modelConststr" "modelConststr" "modelConststr" "modelConststr" "inPlaceModel.create" "modelFromFile" "eval" "eval" "doTryCatch" "tryCatchOne" "tryCatchList" "tryCatch" "doTryCatch" "tryCatchOne" "tryCatchList" "tryCatch" "e$fun" "%do%" "readRefData" 
"match.call" "rm" "inPlaceModel.create" "modelFromFile" "eval" "eval" "doTryCatch" "tryCatchOne" "tryCatchList" "tryCatch" "doTryCatch" "tryCatchOne" "tryCatchList" "tryCatch" "e$fun" "%do%" "readRefData" 
"inPlaceModel.create" "modelFromFile" "eval" "eval" "doTryCatch" "tryCatchOne" "tryCatchList" "tryCatch" "doTryCatch" "tryCatchOne" "tryCatchList" "tryCatch" "e$fun" "%do%" "readRefData" 
"modelConststr" "modelConststr" "inPlaceModel.create" "modelFromFile" "eval" "eval" "doTryCatch" "tryCatchOne" "tryCatchList" "tryCatch" "doTryCatch" "tryCatchOne" "tryCatchList" "tryCatch" "e$fun" "%do%" "readRefData" 
"is" "methods:::.setDummyField" "<Anonymous>" "assign" "envRefSetField" "$<-" "inPlaceModel.create" "modelFromFile" "eval" "eval" "doTryCatch" "tryCatchOne" "tryCatchList" "tryCatch" "doTryCatch" "tryCatchOne" "tryCatchList" "tryCatch" "e$fun" "%do%" "readRefData" 
"cat" "accumulate.iforeach" "accumulate" "accumulator" "doTryCatch" "tryCatchOne" "tryCatchList" "tryCatch" "doTryCatch" "tryCatchOne" "tryCatchList" "tryCatch" "e$fun" "%do%" "readRefData" 
"modelConststr" "modelConststr" "modelConststr" "modelConststr" "modelConststr" "inPlaceModel.create" "modelFromFile" "eval" "eval" "doTryCatch" "tryCatchOne" "tryCatchList" "tryCatch" "doTryCatch" "tryCatchOne" "tryCatchList" "tryCatch" "e$fun" "%do%" "readRefData" 
"match.call" "rm" "inPlaceModel.create" "modelFromFile" "eval" "eval" "doTryCatch" "tryCatchOne" "tryCatchList" "tryCatch" "doTryCatch" "tryCatchOne" "tryCatchList" "tryCatch" "e$fun" "%do%" "readRefData" 
"modelConststr" "modelConststr" "modelConststr" "modelConststr" "modelConststr" "inPlaceModel.create" "modelFromFile" "eval" "eval" "doTryCatch" "tryCatchOne" "tryCatchList" "tryCatch" "doTryCatch" "tryCatchOne" "tryCatchList" "tryCatch" "e$fun" "%do%" "readRefData" 
"sys.parent" "sys.call" "match.call" "rm" "inPlaceModel.create" "modelFromFile" "eval" "eval" "doTryCatch" "tryCatchOne" "tryCatchList" "tryCatch" "doTryCatch" "tryCatchOne" "tryCatchList" "tryCatch" "e$fun" "%do%" "readRefData" 
"inPlaceModel.create" "modelFromFile" "eval" "eval" "doTryCatch" "tryCatchOne" "tryCatchList" "tryCatch" "doTryCatch" "tryCatchOne" "tryCatchList" "tryCatch" "e$fun" "%do%" "readRefData" 
"exists" "$" "inPlaceModel.create" "modelFromFile" "eval" "eval" "doTryCatch" "tryCatchOne" "tryCatchList" "tryCatch" "doTryCatch" "tryCatchOne" "tryCatchList" "tryCatch" "e$fun" "%do%" "readRefData" 
"getClassDef" "is" "methods:::.setDummyField" "<Anonymous>" "assign" "envRefSetField" "$<-" "inPlaceModel.create" "modelFromFile" "eval" "eval" "doTryCatch" "tryCatchOne" "tryCatchList" "tryCatch" "doTryCatch" "tryCatchOne" "tryCatchList" "tryCatch" "e$fun" "%do%" "readRefData" 
"getClassDef" "is" "methods:::.setDummyField" "<Anonymous>" "assign" "envRefSetField" "$<-" "inPlaceModel.create" "modelFromFile" "eval" "eval" "doTryCatch" "tryCatchOne" "tryCatchList" "tryCatch" "doTryCatch" "tryCatchOne" "tryCatchList" "tryCatch" "e$fun" "%do%" "readRefData" 
"modelConststr" "inPlaceModel.create" "modelFromFile" "eval" "eval" "doTryCatch" "tryCatchOne" "tryCatchList" "tryCatch" "doTryCatch" "tryCatchOne" "tryCatchList" "tryCatch" "e$fun" "%do%" "readRefData" 
"new.env" "modelConststr" "modelConststr" "modelConststr" "modelConststr" "modelConststr" "inPlaceModel.create" "modelFromFile" "eval" "eval" "doTryCatch" "tryCatchOne" "tryCatchList" "tryCatch" "doTryCatch" "tryCatchOne" "tryCatchList" "tryCatch" "e$fun" "%do%" "readRefData" 
"modelConststr" "inPlaceModel.create" "modelFromFile" "eval" "eval" "doTryCatch" "tryCatchOne" "tryCatchList" "tryCatch" "doTryCatch" "tryCatchOne" "tryCatchList" "tryCatch" "e$fun" "%do%" "readRefData" 
".getClassFromCache" "getClassDef" "is" "methods:::.setDummyField" "<Anonymous>" "assign" "envRefSetField" "$<-" "inPlaceModel.create" "modelFromFile" "eval" "eval" "doTryCatch" "tryCatchOne" "tryCatchList" "tryCatch" "doTryCatch" "tryCatchOne" "tryCatchList" "tryCatch" "e$fun" "%do%" "readRefData" 
"as.environment" "as.environment" "$" "inPlaceModel.create" "modelFromFile" "eval" "eval" "doTryCatch" "tryCatchOne" "tryCatchList" "tryCatch" "doTryCatch" "tryCatchOne" "tryCatchList" "tryCatch" "e$fun" "%do%" "readRefData" 
"methods:::.setDummyField" "<Anonymous>" "assign" "envRefSetField" "$<-" "inPlaceModel.create" "modelFromFile" "eval" "eval" "doTryCatch" "tryCatchOne" "tryCatchList" "tryCatch" "doTryCatch" "tryCatchOne" "tryCatchList" "tryCatch" "e$fun" "%do%" "readRefData" 
"isNamespace" "asNamespace" "get" ":::" "<Anonymous>" "assign" "envRefSetField" "$<-" "inPlaceModel.create" "modelFromFile" "eval" "eval" "doTryCatch" "tryCatchOne" "tryCatchList" "tryCatch" "doTryCatch" "tryCatchOne" "tryCatchList" "tryCatch" "e$fun" "%do%" "readRefData" 
"tail" "inPlaceModel.create" "modelFromFile" "eval" "eval" "doTryCatch" "tryCatchOne" "tryCatchList" "tryCatch" "doTryCatch" "tryCatchOne" "tryCatchList" "tryCatch" "e$fun" "%do%" "readRefData" 
"<Anonymous>" "get" "$" "inPlaceModel.create" "modelFromFile" "eval" "eval" "doTryCatch" "tryCatchOne" "tryCatchList" "tryCatch" "doTryCatch" "tryCatchOne" "tryCatchList" "tryCatch" "e$fun" "%do%" "readRefData" 
"modelConststr" "modelConststr" "modelConststr" "modelConststr" "modelConststr" "modelConststr" "inPlaceModel.create" "modelFromFile" "eval" "eval" "doTryCatch" "tryCatchOne" "tryCatchList" "tryCatch" "doTryCatch" "tryCatchOne" "tryCatchList" "tryCatch" "e$fun" "%do%" "readRefData" 
"getClassDef" "is" "methods:::.setDummyField" "<Anonymous>" "assign" "envRefSetField" "$<-" "inPlaceModel.create" "modelFromFile" "eval" "eval" "doTryCatch" "tryCatchOne" "tryCatchList" "tryCatch" "doTryCatch" "tryCatchOne" "tryCatchList" "tryCatch" "e$fun" "%do%" "readRefData" 
"assign" "envRefSetField" "$<-" "inPlaceModel.create" "modelFromFile" "eval" "eval" "doTryCatch" "tryCatchOne" "tryCatchList" "tryCatch" "doTryCatch" "tryCatchOne" "tryCatchList" "tryCatch" "e$fun" "%do%" "readRefData" 
"as.environment" "as.environment" "$" "inPlaceModel.create" "modelFromFile" "eval" "eval" "doTryCatch" "tryCatchOne" "tryCatchList" "tryCatch" "doTryCatch" "tryCatchOne" "tryCatchList" "tryCatch" "e$fun" "%do%" "readRefData" 
"modelConststr" "modelConststr" "modelConststr" "modelConststr" "modelConststr" "modelConststr" "inPlaceModel.create" "modelFromFile" "eval" "eval" "doTryCatch" "tryCatchOne" "tryCatchList" "tryCatch" "doTryCatch" "tryCatchOne" "tryCatchList" "tryCatch" "e$fun" "%do%" "readRefData" 
"parent.frame" "new.env" "modelConststr" "modelConststr" "inPlaceModel.create" "modelFromFile" "eval" "eval" "doTryCatch" "tryCatchOne" "tryCatchList" "tryCatch" "doTryCatch" "tryCatchOne" "tryCatchList" "tryCatch" "e$fun" "%do%" "readRefData" 
"stopifnot" "tail.default" "tail" "inPlaceModel.create" "modelFromFile" "eval" "eval" "doTryCatch" "tryCatchOne" "tryCatchList" "tryCatch" "doTryCatch" "tryCatchOne" "tryCatchList" "tryCatch" "e$fun" "%do%" "readRefData" 
"character" "rm" "inPlaceModel.create" "modelFromFile" "eval" "eval" "doTryCatch" "tryCatchOne" "tryCatchList" "tryCatch" "doTryCatch" "tryCatchOne" "tryCatchList" "tryCatch" "e$fun" "%do%" "readRefData" 
"character" "rm" "inPlaceModel.create" "modelFromFile" "eval" "eval" "doTryCatch" "tryCatchOne" "tryCatchList" "tryCatch" "doTryCatch" "tryCatchOne" "tryCatchList" "tryCatch" "e$fun" "%do%" "readRefData" 
"get" "$" "modelConststr" "inPlaceModel.create" "modelFromFile" "eval" "eval" "doTryCatch" "tryCatchOne" "tryCatchList" "tryCatch" "doTryCatch" "tryCatchOne" "tryCatchList" "tryCatch" "e$fun" "%do%" "readRefData" 
"<Anonymous>" "get" "$" "modelConststr" "inPlaceModel.create" "modelFromFile" "eval" "eval" "doTryCatch" "tryCatchOne" "tryCatchList" "tryCatch" "doTryCatch" "tryCatchOne" "tryCatchList" "tryCatch" "e$fun" "%do%" "readRefData" 
"modelConststr" "modelConststr" "inPlaceModel.create" "modelFromFile" "eval" "eval" "doTryCatch" "tryCatchOne" "tryCatchList" "tryCatch" "doTryCatch" "tryCatchOne" "tryCatchList" "tryCatch" "e$fun" "%do%" "readRefData" 
"as.list.default" "as.list" "vapply" "rm" "inPlaceModel.create" "modelFromFile" "eval" "eval" "doTryCatch" "tryCatchOne" "tryCatchList" "tryCatch" "doTryCatch" "tryCatchOne" "tryCatchList" "tryCatch" "e$fun" "%do%" "readRefData" 
"as.environment" "as.environment" "$" "inPlaceModel.create" "modelFromFile" "eval" "eval" "doTryCatch" "tryCatchOne" "tryCatchList" "tryCatch" "doTryCatch" "tryCatchOne" "tryCatchList" "tryCatch" "e$fun" "%do%" "readRefData" 
"sys.parent" "sys.call" "match.call" "rm" "inPlaceModel.create" "modelFromFile" "eval" "eval" "doTryCatch" "tryCatchOne" "tryCatchList" "tryCatch" "doTryCatch" "tryCatchOne" "tryCatchList" "tryCatch" "e$fun" "%do%" "readRefData" 
"$" "modelConststr" "inPlaceModel.create" "modelFromFile" "eval" "eval" "doTryCatch" "tryCatchOne" "tryCatchList" "tryCatch" "doTryCatch" "tryCatchOne" "tryCatchList" "tryCatch" "e$fun" "%do%" "readRefData" 
"as.environment" "as.environment" "$" "inPlaceModel.create" "modelFromFile" "eval" "eval" "doTryCatch" "tryCatchOne" "tryCatchList" "tryCatch" "doTryCatch" "tryCatchOne" "tryCatchList" "tryCatch" "e$fun" "%do%" "readRefData" 
"match.fun" "vapply" "rm" "inPlaceModel.create" "modelFromFile" "eval" "eval" "doTryCatch" "tryCatchOne" "tryCatchList" "tryCatch" "doTryCatch" "tryCatchOne" "tryCatchList" "tryCatch" "e$fun" "%do%" "readRefData" 
"$" "inPlaceModel.create" "modelFromFile" "eval" "eval" "doTryCatch" "tryCatchOne" "tryCatchList" "tryCatch" "doTryCatch" "tryCatchOne" "tryCatchList" "tryCatch" "e$fun" "%do%" "readRefData" 
"new.env" "modelConststr" "modelConststr" "modelConststr" "modelConststr" "inPlaceModel.create" "modelFromFile" "eval" "eval" "doTryCatch" "tryCatchOne" "tryCatchList" "tryCatch" "doTryCatch" "tryCatchOne" "tryCatchList" "tryCatch" "e$fun" "%do%" "readRefData" 
"modelConststr" "modelConststr" "modelConststr" "modelConststr" "modelConststr" "modelConststr" "modelConststr" "inPlaceModel.create" "modelFromFile" "eval" "eval" "doTryCatch" "tryCatchOne" "tryCatchList" "tryCatch" "doTryCatch" "tryCatchOne" "tryCatchList" "tryCatch" "e$fun" "%do%" "readRefData" 
"inPlaceModel.create" "modelFromFile" "eval" "eval" "doTryCatch" "tryCatchOne" "tryCatchList" "tryCatch" "doTryCatch" "tryCatchOne" "tryCatchList" "tryCatch" "e$fun" "%do%" "readRefData" 
"inPlaceModel.create" "modelFromFile" "eval" "eval" "doTryCatch" "tryCatchOne" "tryCatchList" "tryCatch" "doTryCatch" "tryCatchOne" "tryCatchList" "tryCatch" "e$fun" "%do%" "readRefData" 
"is" "methods:::.setDummyField" "<Anonymous>" "assign" "envRefSetField" "$<-" "inPlaceModel.create" "modelFromFile" "eval" "eval" "doTryCatch" "tryCatchOne" "tryCatchList" "tryCatch" "doTryCatch" "tryCatchOne" "tryCatchList" "tryCatch" "e$fun" "%do%" "readRefData" 
"parent.frame" "match.call" "stopifnot" "tail.default" "tail" "inPlaceModel.create" "modelFromFile" "eval" "eval" "doTryCatch" "tryCatchOne" "tryCatchList" "tryCatch" "doTryCatch" "tryCatchOne" "tryCatchList" "tryCatch" "e$fun" "%do%" "readRefData" 
"modelConststr" "inPlaceModel.create" "modelFromFile" "eval" "eval" "doTryCatch" "tryCatchOne" "tryCatchList" "tryCatch" "doTryCatch" "tryCatchOne" "tryCatchList" "tryCatch" "e$fun" "%do%" "readRefData" 
"sys.function" "match.call" "rm" "inPlaceModel.create" "modelFromFile" "eval" "eval" "doTryCatch" "tryCatchOne" "tryCatchList" "tryCatch" "doTryCatch" "tryCatchOne" "tryCatchList" "tryCatch" "e$fun" "%do%" "readRefData" 
"as.environment" "as.environment" "$" "inPlaceModel.create" "modelFromFile" "eval" "eval" "doTryCatch" "tryCatchOne" "tryCatchList" "tryCatch" "doTryCatch" "tryCatchOne" "tryCatchList" "tryCatch" "e$fun" "%do%" "readRefData" 
".getClassFromCache" "getClassDef" "is" "refObjectClass" "envRefSetField" "$<-" "inPlaceModel.create" "modelFromFile" "eval" "eval" "doTryCatch" "tryCatchOne" "tryCatchList" "tryCatch" "doTryCatch" "tryCatchOne" "tryCatchList" "tryCatch" "e$fun" "%do%" "readRefData" 
"$<-" "inPlaceModel.create" "modelFromFile" "eval" "eval" "doTryCatch" "tryCatchOne" "tryCatchList" "tryCatch" "doTryCatch" "tryCatchOne" "tryCatchList" "tryCatch" "e$fun" "%do%" "readRefData" 
"$<-" "inPlaceModel.create" "modelFromFile" "eval" "eval" "doTryCatch" "tryCatchOne" "tryCatchList" "tryCatch" "doTryCatch" "tryCatchOne" "tryCatchList" "tryCatch" "e$fun" "%do%" "readRefData" 
"new.env" "modelConststr" "modelConststr" "modelConststr" "modelConststr" "modelConststr" "modelConststr" "inPlaceModel.create" "modelFromFile" "eval" "eval" "doTryCatch" "tryCatchOne" "tryCatchList" "tryCatch" "doTryCatch" "tryCatchOne" "tryCatchList" "tryCatch" "e$fun" "%do%" "readRefData" 
"as.environment" "as.environment" "methods:::.setDummyField" "<Anonymous>" "assign" "envRefSetField" "$<-" "inPlaceModel.create" "modelFromFile" "eval" "eval" "doTryCatch" "tryCatchOne" "tryCatchList" "tryCatch" "doTryCatch" "tryCatchOne" "tryCatchList" "tryCatch" "e$fun" "%do%" "readRefData" 
"new.env" "modelConststr" "modelConststr" "modelConststr" "modelConststr" "modelConststr" "modelConststr" "modelConststr" "modelConststr" "modelConststr" "modelConststr" "inPlaceModel.create" "modelFromFile" "eval" "eval" "doTryCatch" "tryCatchOne" "tryCatchList" "tryCatch" "doTryCatch" "tryCatchOne" "tryCatchList" "tryCatch" "e$fun" "%do%" "readRefData" 
"$" "inPlaceModel.create" "modelFromFile" "eval" "eval" "doTryCatch" "tryCatchOne" "tryCatchList" "tryCatch" "doTryCatch" "tryCatchOne" "tryCatchList" "tryCatch" "e$fun" "%do%" "readRefData" 
"match.call" "stopifnot" "tail.default" "tail" "inPlaceModel.create" "modelFromFile" "eval" "eval" "doTryCatch" "tryCatchOne" "tryCatchList" "tryCatch" "doTryCatch" "tryCatchOne" "tryCatchList" "tryCatch" "e$fun" "%do%" "readRefData" 
".getClassFromCache" "getClassDef" "is" "methods:::.setDummyField" "<Anonymous>" "assign" "envRefSetField" "$<-" "inPlaceModel.create" "modelFromFile" "eval" "eval" "doTryCatch" "tryCatchOne" "tryCatchList" "tryCatch" "doTryCatch" "tryCatchOne" "tryCatchList" "tryCatch" "e$fun" "%do%" "readRefData" 
"inPlaceModel.create" "modelFromFile" "eval" "eval" "doTryCatch" "tryCatchOne" "tryCatchList" "tryCatch" "doTryCatch" "tryCatchOne" "tryCatchList" "tryCatch" "e$fun" "%do%" "readRefData" 
"is" "methods:::.setDummyField" "<Anonymous>" "assign" "envRefSetField" "$<-" "inPlaceModel.create" "modelFromFile" "eval" "eval" "doTryCatch" "tryCatchOne" "tryCatchList" "tryCatch" "doTryCatch" "tryCatchOne" "tryCatchList" "tryCatch" "e$fun" "%do%" "readRefData" 
"getClassDef" "is" "refObjectClass" "envRefSetField" "$<-" "inPlaceModel.create" "modelFromFile" "eval" "eval" "doTryCatch" "tryCatchOne" "tryCatchList" "tryCatch" "doTryCatch" "tryCatchOne" "tryCatchList" "tryCatch" "e$fun" "%do%" "readRefData" 
"getClassDef" "is" "refObjectClass" "envRefSetField" "$<-" "inPlaceModel.create" "modelFromFile" "eval" "eval" "doTryCatch" "tryCatchOne" "tryCatchList" "tryCatch" "doTryCatch" "tryCatchOne" "tryCatchList" "tryCatch" "e$fun" "%do%" "readRefData" 
"getClassDef" "is" "refObjectClass" "envRefSetField" "$<-" "inPlaceModel.create" "modelFromFile" "eval" "eval" "doTryCatch" "tryCatchOne" "tryCatchList" "tryCatch" "doTryCatch" "tryCatchOne" "tryCatchList" "tryCatch" "e$fun" "%do%" "readRefData" 
"getClassDef" "is" "refObjectClass" "envRefSetField" "$<-" "inPlaceModel.create" "modelFromFile" "eval" "eval" "doTryCatch" "tryCatchOne" "tryCatchList" "tryCatch" "doTryCatch" "tryCatchOne" "tryCatchList" "tryCatch" "e$fun" "%do%" "readRefData" 
"$" "inPlaceModel.create" "modelFromFile" "eval" "eval" "doTryCatch" "tryCatchOne" "tryCatchList" "tryCatch" "doTryCatch" "tryCatchOne" "tryCatchList" "tryCatch" "e$fun" "%do%" "readRefData" 
"<Anonymous>" "assign" "envRefSetField" "$<-" "inPlaceModel.create" "modelFromFile" "eval" "eval" "doTryCatch" "tryCatchOne" "tryCatchList" "tryCatch" "doTryCatch" "tryCatchOne" "tryCatchList" "tryCatch" "e$fun" "%do%" "readRefData" 
"tail" "inPlaceModel.create" "modelFromFile" "eval" "eval" "doTryCatch" "tryCatchOne" "tryCatchList" "tryCatch" "doTryCatch" "tryCatchOne" "tryCatchList" "tryCatch" "e$fun" "%do%" "readRefData" 
"is.function" "match.fun" "vapply" "rm" "inPlaceModel.create" "modelFromFile" "eval" "eval" "doTryCatch" "tryCatchOne" "tryCatchList" "tryCatch" "doTryCatch" "tryCatchOne" "tryCatchList" "tryCatch" "e$fun" "%do%" "readRefData" 
"modelConststr" "modelConststr" "modelConststr" "modelConststr" "modelConststr" "modelConststr" "modelConststr" "modelConststr" "modelConststr" "modelConststr" "modelConststr" "inPlaceModel.create" "modelFromFile" "eval" "eval" "doTryCatch" "tryCatchOne" "tryCatchList" "tryCatch" "doTryCatch" "tryCatchOne" "tryCatchList" "tryCatch" "e$fun" "%do%" "readRefData" 
"match.call" "rm" "inPlaceModel.create" "modelFromFile" "eval" "eval" "doTryCatch" "tryCatchOne" "tryCatchList" "tryCatch" "doTryCatch" "tryCatchOne" "tryCatchList" "tryCatch" "e$fun" "%do%" "readRefData" 
"is" "refObjectClass" "envRefSetField" "$<-" "inPlaceModel.create" "modelFromFile" "eval" "eval" "doTryCatch" "tryCatchOne" "tryCatchList" "tryCatch" "doTryCatch" "tryCatchOne" "tryCatchList" "tryCatch" "e$fun" "%do%" "readRefData" 
"getClassDef" "is" "refObjectClass" "envRefSetField" "$<-" "inPlaceModel.create" "modelFromFile" "eval" "eval" "doTryCatch" "tryCatchOne" "tryCatchList" "tryCatch" "doTryCatch" "tryCatchOne" "tryCatchList" "tryCatch" "e$fun" "%do%" "readRefData" 
"modelConststr" "modelConststr" "modelConststr" "modelConststr" "modelConststr" "modelConststr" "inPlaceModel.create" "modelFromFile" "eval" "eval" "doTryCatch" "tryCatchOne" "tryCatchList" "tryCatch" "doTryCatch" "tryCatchOne" "tryCatchList" "tryCatch" "e$fun" "%do%" "readRefData" 
"modelConststr" "modelConststr" "modelConststr" "modelConststr" "modelConststr" "modelConststr" "inPlaceModel.create" "modelFromFile" "eval" "eval" "doTryCatch" "tryCatchOne" "tryCatchList" "tryCatch" "doTryCatch" "tryCatchOne" "tryCatchList" "tryCatch" "e$fun" "%do%" "readRefData" 
"modelConststr" "modelConststr" "modelConststr" "modelConststr" "modelConststr" "modelConststr" "inPlaceModel.create" "modelFromFile" "eval" "eval" "doTryCatch" "tryCatchOne" "tryCatchList" "tryCatch" "doTryCatch" "tryCatchOne" "tryCatchList" "tryCatch" "e$fun" "%do%" "readRefData" 
"modelConststr" "modelConststr" "modelConststr" "modelConststr" "modelConststr" "modelConststr" "inPlaceModel.create" "modelFromFile" "eval" "eval" "doTryCatch" "tryCatchOne" "tryCatchList" "tryCatch" "doTryCatch" "tryCatchOne" "tryCatchList" "tryCatch" "e$fun" "%do%" "readRefData" 
"modelConststr" "modelConststr" "modelConststr" "modelConststr" "modelConststr" "modelConststr" "inPlaceModel.create" "modelFromFile" "eval" "eval" "doTryCatch" "tryCatchOne" "tryCatchList" "tryCatch" "doTryCatch" "tryCatchOne" "tryCatchList" "tryCatch" "e$fun" "%do%" "readRefData" 
"modelConststr" "modelConststr" "modelConststr" "modelConststr" "modelConststr" "modelConststr" "inPlaceModel.create" "modelFromFile" "eval" "eval" "doTryCatch" "tryCatchOne" "tryCatchList" "tryCatch" "doTryCatch" "tryCatchOne" "tryCatchList" "tryCatch" "e$fun" "%do%" "readRefData" 
"modelConststr" "modelConststr" "modelConststr" "modelConststr" "modelConststr" "modelConststr" "inPlaceModel.create" "modelFromFile" "eval" "eval" "doTryCatch" "tryCatchOne" "tryCatchList" "tryCatch" "doTryCatch" "tryCatchOne" "tryCatchList" "tryCatch" "e$fun" "%do%" "readRefData" 
"modelConststr" "modelConststr" "modelConststr" "modelConststr" "modelConststr" "modelConststr" "inPlaceModel.create" "modelFromFile" "eval" "eval" "doTryCatch" "tryCatchOne" "tryCatchList" "tryCatch" "doTryCatch" "tryCatchOne" "tryCatchList" "tryCatch" "e$fun" "%do%" "readRefData" 
"modelConststr" "modelConststr" "modelConststr" "modelConststr" "modelConststr" "modelConststr" "inPlaceModel.create" "modelFromFile" "eval" "eval" "doTryCatch" "tryCatchOne" "tryCatchList" "tryCatch" "doTryCatch" "tryCatchOne" "tryCatchList" "tryCatch" "e$fun" "%do%" "readRefData" 
"modelConststr" "modelConststr" "modelConststr" "modelConststr" "modelConststr" "modelConststr" "inPlaceModel.create" "modelFromFile" "eval" "eval" "doTryCatch" "tryCatchOne" "tryCatchList" "tryCatch" "doTryCatch" "tryCatchOne" "tryCatchList" "tryCatch" "e$fun" "%do%" "readRefData" 
"modelConststr" "modelConststr" "modelConststr" "modelConststr" "modelConststr" "modelConststr" "inPlaceModel.create" "modelFromFile" "eval" "eval" "doTryCatch" "tryCatchOne" "tryCatchList" "tryCatch" "doTryCatch" "tryCatchOne" "tryCatchList" "tryCatch" "e$fun" "%do%" "readRefData" 
"modelConststr" "modelConststr" "modelConststr" "modelConststr" "modelConststr" "modelConststr" "inPlaceModel.create" "modelFromFile" "eval" "eval" "doTryCatch" "tryCatchOne" "tryCatchList" "tryCatch" "doTryCatch" "tryCatchOne" "tryCatchList" "tryCatch" "e$fun" "%do%" "readRefData" 
"modelConststr" "modelConststr" "modelConststr" "modelConststr" "modelConststr" "modelConststr" "inPlaceModel.create" "modelFromFile" "eval" "eval" "doTryCatch" "tryCatchOne" "tryCatchList" "tryCatch" "doTryCatch" "tryCatchOne" "tryCatchList" "tryCatch" "e$fun" "%do%" "readRefData" 
"modelConststr" "modelConststr" "modelConststr" "modelConststr" "modelConststr" "modelConststr" "inPlaceModel.create" "modelFromFile" "eval" "eval" "doTryCatch" "tryCatchOne" "tryCatchList" "tryCatch" "doTryCatch" "tryCatchOne" "tryCatchList" "tryCatch" "e$fun" "%do%" "readRefData" 
"modelConststr" "modelConststr" "modelConststr" "modelConststr" "modelConststr" "modelConststr" "inPlaceModel.create" "modelFromFile" "eval" "eval" "doTryCatch" "tryCatchOne" "tryCatchList" "tryCatch" "doTryCatch" "tryCatchOne" "tryCatchList" "tryCatch" "e$fun" "%do%" "readRefData" 
"modelConststr" "modelConststr" "modelConststr" "modelConststr" "modelConststr" "modelConststr" "inPlaceModel.create" "modelFromFile" "eval" "eval" "doTryCatch" "tryCatchOne" "tryCatchList" "tryCatch" "doTryCatch" "tryCatchOne" "tryCatchList" "tryCatch" "e$fun" "%do%" "readRefData" 
"modelConststr" "modelConststr" "modelConststr" "modelConststr" "modelConststr" "modelConststr" "inPlaceModel.create" "modelFromFile" "eval" "eval" "doTryCatch" "tryCatchOne" "tryCatchList" "tryCatch" "doTryCatch" "tryCatchOne" "tryCatchList" "tryCatch" "e$fun" "%do%" "readRefData" 
"modelConststr" "modelConststr" "modelConststr" "modelConststr" "modelConststr" "modelConststr" "inPlaceModel.create" "modelFromFile" "eval" "eval" "doTryCatch" "tryCatchOne" "tryCatchList" "tryCatch" "doTryCatch" "tryCatchOne" "tryCatchList" "tryCatch" "e$fun" "%do%" "readRefData" 
"modelConststr" "modelConststr" "modelConststr" "modelConststr" "modelConststr" "modelConststr" "inPlaceModel.create" "modelFromFile" "eval" "eval" "doTryCatch" "tryCatchOne" "tryCatchList" "tryCatch" "doTryCatch" "tryCatchOne" "tryCatchList" "tryCatch" "e$fun" "%do%" "readRefData" 
"modelConststr" "modelConststr" "modelConststr" "modelConststr" "modelConststr" "modelConststr" "inPlaceModel.create" "modelFromFile" "eval" "eval" "doTryCatch" "tryCatchOne" "tryCatchList" "tryCatch" "doTryCatch" "tryCatchOne" "tryCatchList" "tryCatch" "e$fun" "%do%" "readRefData" 
"modelConststr" "modelConststr" "modelConststr" "modelConststr" "modelConststr" "modelConststr" "inPlaceModel.create" "modelFromFile" "eval" "eval" "doTryCatch" "tryCatchOne" "tryCatchList" "tryCatch" "doTryCatch" "tryCatchOne" "tryCatchList" "tryCatch" "e$fun" "%do%" "readRefData" 
"modelConststr" "modelConststr" "modelConststr" "modelConststr" "modelConststr" "modelConststr" "inPlaceModel.create" "modelFromFile" "eval" "eval" "doTryCatch" "tryCatchOne" "tryCatchList" "tryCatch" "doTryCatch" "tryCatchOne" "tryCatchList" "tryCatch" "e$fun" "%do%" "readRefData" 
"modelConststr" "modelConststr" "modelConststr" "modelConststr" "modelConststr" "modelConststr" "inPlaceModel.create" "modelFromFile" "eval" "eval" "doTryCatch" "tryCatchOne" "tryCatchList" "tryCatch" "doTryCatch" "tryCatchOne" "tryCatchList" "tryCatch" "e$fun" "%do%" "readRefData" 
"modelConststr" "modelConststr" "modelConststr" "modelConststr" "modelConststr" "modelConststr" "inPlaceModel.create" "modelFromFile" "eval" "eval" "doTryCatch" "tryCatchOne" "tryCatchList" "tryCatch" "doTryCatch" "tryCatchOne" "tryCatchList" "tryCatch" "e$fun" "%do%" "readRefData" 
"is" "refObjectClass" "envRefSetField" "$<-" "inPlaceModel.create" "modelFromFile" "eval" "eval" "doTryCatch" "tryCatchOne" "tryCatchList" "tryCatch" "doTryCatch" "tryCatchOne" "tryCatchList" "tryCatch" "e$fun" "%do%" "readRefData" 
"refObjectClass" "envRefSetField" "$<-" "inPlaceModel.create" "modelFromFile" "eval" "eval" "doTryCatch" "tryCatchOne" "tryCatchList" "tryCatch" "doTryCatch" "tryCatchOne" "tryCatchList" "tryCatch" "e$fun" "%do%" "readRefData" 
"inPlaceModel.create" "modelFromFile" "eval" "eval" "doTryCatch" "tryCatchOne" "tryCatchList" "tryCatch" "doTryCatch" "tryCatchOne" "tryCatchList" "tryCatch" "e$fun" "%do%" "readRefData" 
"character" "rm" "inPlaceModel.create" "modelFromFile" "eval" "eval" "doTryCatch" "tryCatchOne" "tryCatchList" "tryCatch" "doTryCatch" "tryCatchOne" "tryCatchList" "tryCatch" "e$fun" "%do%" "readRefData" 
".getClassFromCache" "getClassDef" "refObjectClass" "envRefSetField" "$<-" "inPlaceModel.create" "modelFromFile" "eval" "eval" "doTryCatch" "tryCatchOne" "tryCatchList" "tryCatch" "doTryCatch" "tryCatchOne" "tryCatchList" "tryCatch" "e$fun" "%do%" "readRefData" 
"$<-" "inPlaceModel.create" "modelFromFile" "eval" "eval" "doTryCatch" "tryCatchOne" "tryCatchList" "tryCatch" "doTryCatch" "tryCatchOne" "tryCatchList" "tryCatch" "e$fun" "%do%" "readRefData" 
"modelConststr" "modelConststr" "inPlaceModel.create" "modelFromFile" "eval" "eval" "doTryCatch" "tryCatchOne" "tryCatchList" "tryCatch" "doTryCatch" "tryCatchOne" "tryCatchList" "tryCatch" "e$fun" "%do%" "readRefData" 
"as.environment" "as.environment" "$" "inPlaceModel.create" "modelFromFile" "eval" "eval" "doTryCatch" "tryCatchOne" "tryCatchList" "tryCatch" "doTryCatch" "tryCatchOne" "tryCatchList" "tryCatch" "e$fun" "%do%" "readRefData" 
"as.environment" "as.environment" "$<-" "inPlaceModel.create" "modelFromFile" "eval" "eval" "doTryCatch" "tryCatchOne" "tryCatchList" "tryCatch" "doTryCatch" "tryCatchOne" "tryCatchList" "tryCatch" "e$fun" "%do%" "readRefData" 
"tolower" "cleanLine" "strsplit" "modelFromFile" "eval" "eval" "doTryCatch" "tryCatchOne" "tryCatchList" "tryCatch" "doTryCatch" "tryCatchOne" "tryCatchList" "tryCatch" "e$fun" "%do%" "readRefData" 
"getClassDef" "is" "methods:::.setDummyField" "<Anonymous>" "assign" "envRefSetField" "$<-" "inPlaceModel.create" "modelFromFile" "eval" "eval" "doTryCatch" "tryCatchOne" "tryCatchList" "tryCatch" "doTryCatch" "tryCatchOne" "tryCatchList" "tryCatch" "e$fun" "%do%" "readRefData" 
"methods:::.setDummyField" "<Anonymous>" "assign" "envRefSetField" "$<-" "inPlaceModel.create" "modelFromFile" "eval" "eval" "doTryCatch" "tryCatchOne" "tryCatchList" "tryCatch" "doTryCatch" "tryCatchOne" "tryCatchList" "tryCatch" "e$fun" "%do%" "readRefData" 
"as.environment" "$" "inPlaceModel.create" "modelFromFile" "eval" "eval" "doTryCatch" "tryCatchOne" "tryCatchList" "tryCatch" "doTryCatch" "tryCatchOne" "tryCatchList" "tryCatch" "e$fun" "%do%" "readRefData" 
"inPlaceModel.create" "modelFromFile" "eval" "eval" "doTryCatch" "tryCatchOne" "tryCatchList" "tryCatch" "doTryCatch" "tryCatchOne" "tryCatchList" "tryCatch" "e$fun" "%do%" "readRefData" 
"modelFromFile" "eval" "eval" "doTryCatch" "tryCatchOne" "tryCatchList" "tryCatch" "doTryCatch" "tryCatchOne" "tryCatchList" "tryCatch" "e$fun" "%do%" "readRefData" 
"tolower" "cleanLine" "strsplit" "modelFromFile" "eval" "eval" "doTryCatch" "tryCatchOne" "tryCatchList" "tryCatch" "doTryCatch" "tryCatchOne" "tryCatchList" "tryCatch" "e$fun" "%do%" "readRefData" 
"as.environment" "as.environment" "$" "inPlaceModel.create" "modelFromFile" "eval" "eval" "doTryCatch" "tryCatchOne" "tryCatchList" "tryCatch" "doTryCatch" "tryCatchOne" "tryCatchList" "tryCatch" "e$fun" "%do%" "readRefData" 
"$" "inPlaceModel.create" "modelFromFile" "eval" "eval" "doTryCatch" "tryCatchOne" "tryCatchList" "tryCatch" "doTryCatch" "tryCatchOne" "tryCatchList" "tryCatch" "e$fun" "%do%" "readRefData" 
"get" "$" "inPlaceModel.create" "modelFromFile" "eval" "eval" "doTryCatch" "tryCatchOne" "tryCatchList" "tryCatch" "doTryCatch" "tryCatchOne" "tryCatchList" "tryCatch" "e$fun" "%do%" "readRefData" 
"envRefSetField" "$<-" "inPlaceModel.create" "modelFromFile" "eval" "eval" "doTryCatch" "tryCatchOne" "tryCatchList" "tryCatch" "doTryCatch" "tryCatchOne" "tryCatchList" "tryCatch" "e$fun" "%do%" "readRefData" 
"as.environment" "as.environment" "methods:::.setDummyField" "<Anonymous>" "assign" "envRefSetField" "$<-" "inPlaceModel.create" "modelFromFile" "eval" "eval" "doTryCatch" "tryCatchOne" "tryCatchList" "tryCatch" "doTryCatch" "tryCatchOne" "tryCatchList" "tryCatch" "e$fun" "%do%" "readRefData" 
"assign" "envRefSetField" "$<-" "inPlaceModel.create" "modelFromFile" "eval" "eval" "doTryCatch" "tryCatchOne" "tryCatchList" "tryCatch" "doTryCatch" "tryCatchOne" "tryCatchList" "tryCatch" "e$fun" "%do%" "readRefData" 
"as.list" "vapply" "rm" "inPlaceModel.create" "modelFromFile" "eval" "eval" "doTryCatch" "tryCatchOne" "tryCatchList" "tryCatch" "doTryCatch" "tryCatchOne" "tryCatchList" "tryCatch" "e$fun" "%do%" "readRefData" 
".class1" "as" "methods:::.setDummyField" "<Anonymous>" "assign" "envRefSetField" "$<-" "inPlaceModel.create" "modelFromFile" "eval" "eval" "doTryCatch" "tryCatchOne" "tryCatchList" "tryCatch" "doTryCatch" "tryCatchOne" "tryCatchList" "tryCatch" "e$fun" "%do%" "readRefData" 
".getClassFromCache" "getClassDef" "is" "methods:::.setDummyField" "<Anonymous>" "assign" "envRefSetField" "$<-" "inPlaceModel.create" "modelFromFile" "eval" "eval" "doTryCatch" "tryCatchOne" "tryCatchList" "tryCatch" "doTryCatch" "tryCatchOne" "tryCatchList" "tryCatch" "e$fun" "%do%" "readRefData" 
"as.environment" "as.environment" "$" "modelConststr" "inPlaceModel.create" "modelFromFile" "eval" "eval" "doTryCatch" "tryCatchOne" "tryCatchList" "tryCatch" "doTryCatch" "tryCatchOne" "tryCatchList" "tryCatch" "e$fun" "%do%" "readRefData" 
"tail" "inPlaceModel.create" "modelFromFile" "eval" "eval" "doTryCatch" "tryCatchOne" "tryCatchList" "tryCatch" "doTryCatch" "tryCatchOne" "tryCatchList" "tryCatch" "e$fun" "%do%" "readRefData" 
"getClassDef" "is" "methods:::.setDummyField" "<Anonymous>" "assign" "envRefSetField" "$<-" "inPlaceModel.create" "modelFromFile" "eval" "eval" "doTryCatch" "tryCatchOne" "tryCatchList" "tryCatch" "doTryCatch" "tryCatchOne" "tryCatchList" "tryCatch" "e$fun" "%do%" "readRefData" 
"modelConststr" "modelConststr" "modelConststr" "modelConststr" "modelConststr" "modelConststr" "modelConststr" "modelConststr" "modelConststr" "inPlaceModel.create" "modelFromFile" "eval" "eval" "doTryCatch" "tryCatchOne" "tryCatchList" "tryCatch" "doTryCatch" "tryCatchOne" "tryCatchList" "tryCatch" "e$fun" "%do%" "readRefData" 
"modelConststr" "modelConststr" "modelConststr" "modelConststr" "modelConststr" "modelConststr" "modelConststr" "modelConststr" "modelConststr" "inPlaceModel.create" "modelFromFile" "eval" "eval" "doTryCatch" "tryCatchOne" "tryCatchList" "tryCatch" "doTryCatch" "tryCatchOne" "tryCatchList" "tryCatch" "e$fun" "%do%" "readRefData" 
"match.fun" "vapply" "rm" "inPlaceModel.create" "modelFromFile" "eval" "eval" "doTryCatch" "tryCatchOne" "tryCatchList" "tryCatch" "doTryCatch" "tryCatchOne" "tryCatchList" "tryCatch" "e$fun" "%do%" "readRefData" 
"tail" "inPlaceModel.create" "modelFromFile" "eval" "eval" "doTryCatch" "tryCatchOne" "tryCatchList" "tryCatch" "doTryCatch" "tryCatchOne" "tryCatchList" "tryCatch" "e$fun" "%do%" "readRefData" 
".Primitive" "rm" "inPlaceModel.create" "modelFromFile" "eval" "eval" "doTryCatch" "tryCatchOne" "tryCatchList" "tryCatch" "doTryCatch" "tryCatchOne" "tryCatchList" "tryCatch" "e$fun" "%do%" "readRefData" 
"envRefSetField" "$<-" "inPlaceModel.create" "modelFromFile" "eval" "eval" "doTryCatch" "tryCatchOne" "tryCatchList" "tryCatch" "doTryCatch" "tryCatchOne" "tryCatchList" "tryCatch" "e$fun" "%do%" "readRefData" 
"modelConststr" "modelConststr" "modelConststr" "modelConststr" "modelConststr" "modelConststr" "modelConststr" "modelConststr" "modelConststr" "inPlaceModel.create" "modelFromFile" "eval" "eval" "doTryCatch" "tryCatchOne" "tryCatchList" "tryCatch" "doTryCatch" "tryCatchOne" "tryCatchList" "tryCatch" "e$fun" "%do%" "readRefData" 
".class1" "as" "methods:::.setDummyField" "<Anonymous>" "assign" "envRefSetField" "$<-" "inPlaceModel.create" "modelFromFile" "eval" "eval" "doTryCatch" "tryCatchOne" "tryCatchList" "tryCatch" "doTryCatch" "tryCatchOne" "tryCatchList" "tryCatch" "e$fun" "%do%" "readRefData" 
"strsplit" "modelFromFile" "eval" "eval" "doTryCatch" "tryCatchOne" "tryCatchList" "tryCatch" "doTryCatch" "tryCatchOne" "tryCatchList" "tryCatch" "e$fun" "%do%" "readRefData" 
"modelConststr" "modelConststr" "modelConststr" "modelConststr" "modelConststr" "modelConststr" "modelConststr" "modelConststr" "modelConststr" "modelConststr" "modelConststr" "inPlaceModel.create" "modelFromFile" "eval" "eval" "doTryCatch" "tryCatchOne" "tryCatchList" "tryCatch" "doTryCatch" "tryCatchOne" "tryCatchList" "tryCatch" "e$fun" "%do%" "readRefData" 
"inPlaceModel.create" "modelFromFile" "eval" "eval" "doTryCatch" "tryCatchOne" "tryCatchList" "tryCatch" "doTryCatch" "tryCatchOne" "tryCatchList" "tryCatch" "e$fun" "%do%" "readRefData" 
".identC" "is" "methods:::.setDummyField" "<Anonymous>" "assign" "envRefSetField" "$<-" "inPlaceModel.create" "modelFromFile" "eval" "eval" "doTryCatch" "tryCatchOne" "tryCatchList" "tryCatch" "doTryCatch" "tryCatchOne" "tryCatchList" "tryCatch" "e$fun" "%do%" "readRefData" 
"methods:::.setDummyField" "<Anonymous>" "assign" "envRefSetField" "$<-" "inPlaceModel.create" "modelFromFile" "eval" "eval" "doTryCatch" "tryCatchOne" "tryCatchList" "tryCatch" "doTryCatch" "tryCatchOne" "tryCatchList" "tryCatch" "e$fun" "%do%" "readRefData" 
"modelConststr" "modelConststr" "inPlaceModel.create" "modelFromFile" "eval" "eval" "doTryCatch" "tryCatchOne" "tryCatchList" "tryCatch" "doTryCatch" "tryCatchOne" "tryCatchList" "tryCatch" "e$fun" "%do%" "readRefData" 
"modelConststr" "modelConststr" "modelConststr" "modelConststr" "inPlaceModel.create" "modelFromFile" "eval" "eval" "doTryCatch" "tryCatchOne" "tryCatchList" "tryCatch" "doTryCatch" "tryCatchOne" "tryCatchList" "tryCatch" "e$fun" "%do%" "readRefData" 
"new.env" "modelConststr" "modelConststr" "modelConststr" "modelConststr" "modelConststr" "modelConststr" "modelConststr" "modelConststr" "modelConststr" "modelConststr" "inPlaceModel.create" "modelFromFile" "eval" "eval" "doTryCatch" "tryCatchOne" "tryCatchList" "tryCatch" "doTryCatch" "tryCatchOne" "tryCatchList" "tryCatch" "e$fun" "%do%" "readRefData" 
"modelConststr" "inPlaceModel.create" "modelFromFile" "eval" "eval" "doTryCatch" "tryCatchOne" "tryCatchList" "tryCatch" "doTryCatch" "tryCatchOne" "tryCatchList" "tryCatch" "e$fun" "%do%" "readRefData" 
"modelConststr" "modelConststr" "modelConststr" "modelConststr" "modelConststr" "modelConststr" "modelConststr" "inPlaceModel.create" "modelFromFile" "eval" "eval" "doTryCatch" "tryCatchOne" "tryCatchList" "tryCatch" "doTryCatch" "tryCatchOne" "tryCatchList" "tryCatch" "e$fun" "%do%" "readRefData" 
"modelConststr" "modelConststr" "modelConststr" "modelConststr" "modelConststr" "modelConststr" "modelConststr" "modelConststr" "modelConststr" "modelConststr" "modelConststr" "inPlaceModel.create" "modelFromFile" "eval" "eval" "doTryCatch" "tryCatchOne" "tryCatchList" "tryCatch" "doTryCatch" "tryCatchOne" "tryCatchList" "tryCatch" "e$fun" "%do%" "readRefData" 
".getClassFromCache" "getClassDef" "is" "methods:::.setDummyField" "<Anonymous>" "assign" "envRefSetField" "$<-" "inPlaceModel.create" "modelFromFile" "eval" "eval" "doTryCatch" "tryCatchOne" "tryCatchList" "tryCatch" "doTryCatch" "tryCatchOne" "tryCatchList" "tryCatch" "e$fun" "%do%" "readRefData" 
"new.env" "modelConststr" "modelConststr" "modelConststr" "inPlaceModel.create" "modelFromFile" "eval" "eval" "doTryCatch" "tryCatchOne" "tryCatchList" "tryCatch" "doTryCatch" "tryCatchOne" "tryCatchList" "tryCatch" "e$fun" "%do%" "readRefData" 
"tail" "inPlaceModel.create" "modelFromFile" "eval" "eval" "doTryCatch" "tryCatchOne" "tryCatchList" "tryCatch" "doTryCatch" "tryCatchOne" "tryCatchList" "tryCatch" "e$fun" "%do%" "readRefData" 
"gsub" "cleanLine" "strsplit" "modelFromFile" "eval" "eval" "doTryCatch" "tryCatchOne" "tryCatchList" "tryCatch" "doTryCatch" "tryCatchOne" "tryCatchList" "tryCatch" "e$fun" "%do%" "readRefData" 
"$" "inPlaceModel.create" "modelFromFile" "eval" "eval" "doTryCatch" "tryCatchOne" "tryCatchList" "tryCatch" "doTryCatch" "tryCatchOne" "tryCatchList" "tryCatch" "e$fun" "%do%" "readRefData" 
"character" "rm" "inPlaceModel.create" "modelFromFile" "eval" "eval" "doTryCatch" "tryCatchOne" "tryCatchList" "tryCatch" "doTryCatch" "tryCatchOne" "tryCatchList" "tryCatch" "e$fun" "%do%" "readRefData" 
"as.list" "vapply" "rm" "inPlaceModel.create" "modelFromFile" "eval" "eval" "doTryCatch" "tryCatchOne" "tryCatchList" "tryCatch" "doTryCatch" "tryCatchOne" "tryCatchList" "tryCatch" "e$fun" "%do%" "readRefData" 
"assign" "methods:::.setDummyField" "<Anonymous>" "assign" "envRefSetField" "$<-" "inPlaceModel.create" "modelFromFile" "eval" "eval" "doTryCatch" "tryCatchOne" "tryCatchList" "tryCatch" "doTryCatch" "tryCatchOne" "tryCatchList" "tryCatch" "e$fun" "%do%" "readRefData" 
"new.env" "modelConststr" "modelConststr" "modelConststr" "modelConststr" "modelConststr" "inPlaceModel.create" "modelFromFile" "eval" "eval" "doTryCatch" "tryCatchOne" "tryCatchList" "tryCatch" "doTryCatch" "tryCatchOne" "tryCatchList" "tryCatch" "e$fun" "%do%" "readRefData" 
"vapply" "rm" "inPlaceModel.create" "modelFromFile" "eval" "eval" "doTryCatch" "tryCatchOne" "tryCatchList" "tryCatch" "doTryCatch" "tryCatchOne" "tryCatchList" "tryCatch" "e$fun" "%do%" "readRefData" 
"rm" "inPlaceModel.create" "modelFromFile" "eval" "eval" "doTryCatch" "tryCatchOne" "tryCatchList" "tryCatch" "doTryCatch" "tryCatchOne" "tryCatchList" "tryCatch" "e$fun" "%do%" "readRefData" 
"inPlaceModel.create" "modelFromFile" "eval" "eval" "doTryCatch" "tryCatchOne" "tryCatchList" "tryCatch" "doTryCatch" "tryCatchOne" "tryCatchList" "tryCatch" "e$fun" "%do%" "readRefData" 
"vapply" "rm" "inPlaceModel.create" "modelFromFile" "eval" "eval" "doTryCatch" "tryCatchOne" "tryCatchList" "tryCatch" "doTryCatch" "tryCatchOne" "tryCatchList" "tryCatch" "e$fun" "%do%" "readRefData" 
"length" "is" "refObjectClass" "envRefSetField" "$<-" "inPlaceModel.create" "modelFromFile" "eval" "eval" "doTryCatch" "tryCatchOne" "tryCatchList" "tryCatch" "doTryCatch" "tryCatchOne" "tryCatchList" "tryCatch" "e$fun" "%do%" "readRefData" 
"$" "inPlaceModel.create" "modelFromFile" "eval" "eval" "doTryCatch" "tryCatchOne" "tryCatchList" "tryCatch" "doTryCatch" "tryCatchOne" "tryCatchList" "tryCatch" "e$fun" "%do%" "readRefData" 
"getClassDef" "refObjectClass" "envRefSetField" "$<-" "inPlaceModel.create" "modelFromFile" "eval" "eval" "doTryCatch" "tryCatchOne" "tryCatchList" "tryCatch" "doTryCatch" "tryCatchOne" "tryCatchList" "tryCatch" "e$fun" "%do%" "readRefData" 
"$<-" "inPlaceModel.create" "modelFromFile" "eval" "eval" "doTryCatch" "tryCatchOne" "tryCatchList" "tryCatch" "doTryCatch" "tryCatchOne" "tryCatchList" "tryCatch" "e$fun" "%do%" "readRefData" 
"match.fun" "vapply" "rm" "inPlaceModel.create" "modelFromFile" "eval" "eval" "doTryCatch" "tryCatchOne" "tryCatchList" "tryCatch" "doTryCatch" "tryCatchOne" "tryCatchList" "tryCatch" "e$fun" "%do%" "readRefData" 
"sys.function" "match.call" "rm" "inPlaceModel.create" "modelFromFile" "eval" "eval" "doTryCatch" "tryCatchOne" "tryCatchList" "tryCatch" "doTryCatch" "tryCatchOne" "tryCatchList" "tryCatch" "e$fun" "%do%" "readRefData" 
"vapply" "rm" "inPlaceModel.create" "modelFromFile" "eval" "eval" "doTryCatch" "tryCatchOne" "tryCatchList" "tryCatch" "doTryCatch" "tryCatchOne" "tryCatchList" "tryCatch" "e$fun" "%do%" "readRefData" 
".getClassFromCache" "getClassDef" "is" "methods:::.setDummyField" "<Anonymous>" "assign" "envRefSetField" "$<-" "inPlaceModel.create" "modelFromFile" "eval" "eval" "doTryCatch" "tryCatchOne" "tryCatchList" "tryCatch" "doTryCatch" "tryCatchOne" "tryCatchList" "tryCatch" "e$fun" "%do%" "readRefData" 
"envRefSetField" "$<-" "inPlaceModel.create" "modelFromFile" "eval" "eval" "doTryCatch" "tryCatchOne" "tryCatchList" "tryCatch" "doTryCatch" "tryCatchOne" "tryCatchList" "tryCatch" "e$fun" "%do%" "readRefData" 
"readLines" "modelFromFile" "eval" "eval" "doTryCatch" "tryCatchOne" "tryCatchList" "tryCatch" "doTryCatch" "tryCatchOne" "tryCatchList" "tryCatch" "e$fun" "%do%" "readRefData" 
"as.environment" "as.environment" "$" "modelConststr" "inPlaceModel.create" "modelFromFile" "eval" "eval" "doTryCatch" "tryCatchOne" "tryCatchList" "tryCatch" "doTryCatch" "tryCatchOne" "tryCatchList" "tryCatch" "e$fun" "%do%" "readRefData" 
"tail.default" "tail" "inPlaceModel.create" "modelFromFile" "eval" "eval" "doTryCatch" "tryCatchOne" "tryCatchList" "tryCatch" "doTryCatch" "tryCatchOne" "tryCatchList" "tryCatch" "e$fun" "%do%" "readRefData" 
"as.list" "vapply" "rm" "inPlaceModel.create" "modelFromFile" "eval" "eval" "doTryCatch" "tryCatchOne" "tryCatchList" "tryCatch" "doTryCatch" "tryCatchOne" "tryCatchList" "tryCatch" "e$fun" "%do%" "readRefData" 
"inPlaceModel.create" "modelFromFile" "eval" "eval" "doTryCatch" "tryCatchOne" "tryCatchList" "tryCatch" "doTryCatch" "tryCatchOne" "tryCatchList" "tryCatch" "e$fun" "%do%" "readRefData" 
"rm" "inPlaceModel.create" "modelFromFile" "eval" "eval" "doTryCatch" "tryCatchOne" "tryCatchList" "tryCatch" "doTryCatch" "tryCatchOne" "tryCatchList" "tryCatch" "e$fun" "%do%" "readRefData" 
".identC" "as" "methods:::.setDummyField" "<Anonymous>" "assign" "envRefSetField" "$<-" "inPlaceModel.create" "modelFromFile" "eval" "eval" "doTryCatch" "tryCatchOne" "tryCatchList" "tryCatch" "doTryCatch" "tryCatchOne" "tryCatchList" "tryCatch" "e$fun" "%do%" "readRefData" 
"$" "inPlaceModel.create" "modelFromFile" "eval" "eval" "doTryCatch" "tryCatchOne" "tryCatchList" "tryCatch" "doTryCatch" "tryCatchOne" "tryCatchList" "tryCatch" "e$fun" "%do%" "readRefData" 
"assign" "methods:::.setDummyField" "<Anonymous>" "assign" "envRefSetField" "$<-" "inPlaceModel.create" "modelFromFile" "eval" "eval" "doTryCatch" "tryCatchOne" "tryCatchList" "tryCatch" "doTryCatch" "tryCatchOne" "tryCatchList" "tryCatch" "e$fun" "%do%" "readRefData" 
"stopifnot" "tail.default" "tail" "inPlaceModel.create" "modelFromFile" "eval" "eval" "doTryCatch" "tryCatchOne" "tryCatchList" "tryCatch" "doTryCatch" "tryCatchOne" "tryCatchList" "tryCatch" "e$fun" "%do%" "readRefData" 
"match.call" "rm" "inPlaceModel.create" "modelFromFile" "eval" "eval" "doTryCatch" "tryCatchOne" "tryCatchList" "tryCatch" "doTryCatch" "tryCatchOne" "tryCatchList" "tryCatch" "e$fun" "%do%" "readRefData" 
"modelConststr" "modelConststr" "modelConststr" "modelConststr" "inPlaceModel.create" "modelFromFile" "eval" "eval" "doTryCatch" "tryCatchOne" "tryCatchList" "tryCatch" "doTryCatch" "tryCatchOne" "tryCatchList" "tryCatch" "e$fun" "%do%" "readRefData" 
"exists" "$" "modelConststr" "inPlaceModel.create" "modelFromFile" "eval" "eval" "doTryCatch" "tryCatchOne" "tryCatchList" "tryCatch" "doTryCatch" "tryCatchOne" "tryCatchList" "tryCatch" "e$fun" "%do%" "readRefData" 
"sys.call" "match.call" "stopifnot" "tail.default" "tail" "inPlaceModel.create" "modelFromFile" "eval" "eval" "doTryCatch" "tryCatchOne" "tryCatchList" "tryCatch" "doTryCatch" "tryCatchOne" "tryCatchList" "tryCatch" "e$fun" "%do%" "readRefData" 
"as.environment" "as.environment" "$" "inPlaceModel.create" "modelFromFile" "eval" "eval" "doTryCatch" "tryCatchOne" "tryCatchList" "tryCatch" "doTryCatch" "tryCatchOne" "tryCatchList" "tryCatch" "e$fun" "%do%" "readRefData" 
"as.environment" "as.environment" "$" "modelConststr" "inPlaceModel.create" "modelFromFile" "eval" "eval" "doTryCatch" "tryCatchOne" "tryCatchList" "tryCatch" "doTryCatch" "tryCatchOne" "tryCatchList" "tryCatch" "e$fun" "%do%" "readRefData" 
"modelConststr" "modelConststr" "modelConststr" "modelConststr" "modelConststr" "modelConststr" "inPlaceModel.create" "modelFromFile" "eval" "eval" "doTryCatch" "tryCatchOne" "tryCatchList" "tryCatch" "doTryCatch" "tryCatchOne" "tryCatchList" "tryCatch" "e$fun" "%do%" "readRefData" 
"envRefSetField" "$<-" "inPlaceModel.create" "modelFromFile" "eval" "eval" "doTryCatch" "tryCatchOne" "tryCatchList" "tryCatch" "doTryCatch" "tryCatchOne" "tryCatchList" "tryCatch" "e$fun" "%do%" "readRefData" 
"envRefSetField" "$<-" "inPlaceModel.create" "modelFromFile" "eval" "eval" "doTryCatch" "tryCatchOne" "tryCatchList" "tryCatch" "doTryCatch" "tryCatchOne" "tryCatchList" "tryCatch" "e$fun" "%do%" "readRefData" 
"envRefSetField" "$<-" "inPlaceModel.create" "modelFromFile" "eval" "eval" "doTryCatch" "tryCatchOne" "tryCatchList" "tryCatch" "doTryCatch" "tryCatchOne" "tryCatchList" "tryCatch" "e$fun" "%do%" "readRefData" 
"envRefSetField" "$<-" "inPlaceModel.create" "modelFromFile" "eval" "eval" "doTryCatch" "tryCatchOne" "tryCatchList" "tryCatch" "doTryCatch" "tryCatchOne" "tryCatchList" "tryCatch" "e$fun" "%do%" "readRefData" 
"envRefSetField" "$<-" "inPlaceModel.create" "modelFromFile" "eval" "eval" "doTryCatch" "tryCatchOne" "tryCatchList" "tryCatch" "doTryCatch" "tryCatchOne" "tryCatchList" "tryCatch" "e$fun" "%do%" "readRefData" 
"envRefSetField" "$<-" "inPlaceModel.create" "modelFromFile" "eval" "eval" "doTryCatch" "tryCatchOne" "tryCatchList" "tryCatch" "doTryCatch" "tryCatchOne" "tryCatchList" "tryCatch" "e$fun" "%do%" "readRefData" 
"envRefSetField" "$<-" "inPlaceModel.create" "modelFromFile" "eval" "eval" "doTryCatch" "tryCatchOne" "tryCatchList" "tryCatch" "doTryCatch" "tryCatchOne" "tryCatchList" "tryCatch" "e$fun" "%do%" "readRefData" 
"envRefSetField" "$<-" "inPlaceModel.create" "modelFromFile" "eval" "eval" "doTryCatch" "tryCatchOne" "tryCatchList" "tryCatch" "doTryCatch" "tryCatchOne" "tryCatchList" "tryCatch" "e$fun" "%do%" "readRefData" 
"envRefSetField" "$<-" "inPlaceModel.create" "modelFromFile" "eval" "eval" "doTryCatch" "tryCatchOne" "tryCatchList" "tryCatch" "doTryCatch" "tryCatchOne" "tryCatchList" "tryCatch" "e$fun" "%do%" "readRefData" 
"envRefSetField" "$<-" "inPlaceModel.create" "modelFromFile" "eval" "eval" "doTryCatch" "tryCatchOne" "tryCatchList" "tryCatch" "doTryCatch" "tryCatchOne" "tryCatchList" "tryCatch" "e$fun" "%do%" "readRefData" 
"envRefSetField" "$<-" "inPlaceModel.create" "modelFromFile" "eval" "eval" "doTryCatch" "tryCatchOne" "tryCatchList" "tryCatch" "doTryCatch" "tryCatchOne" "tryCatchList" "tryCatch" "e$fun" "%do%" "readRefData" 
"envRefSetField" "$<-" "inPlaceModel.create" "modelFromFile" "eval" "eval" "doTryCatch" "tryCatchOne" "tryCatchList" "tryCatch" "doTryCatch" "tryCatchOne" "tryCatchList" "tryCatch" "e$fun" "%do%" "readRefData" 
"envRefSetField" "$<-" "inPlaceModel.create" "modelFromFile" "eval" "eval" "doTryCatch" "tryCatchOne" "tryCatchList" "tryCatch" "doTryCatch" "tryCatchOne" "tryCatchList" "tryCatch" "e$fun" "%do%" "readRefData" 
"envRefSetField" "$<-" "inPlaceModel.create" "modelFromFile" "eval" "eval" "doTryCatch" "tryCatchOne" "tryCatchList" "tryCatch" "doTryCatch" "tryCatchOne" "tryCatchList" "tryCatch" "e$fun" "%do%" "readRefData" 
"envRefSetField" "$<-" "inPlaceModel.create" "modelFromFile" "eval" "eval" "doTryCatch" "tryCatchOne" "tryCatchList" "tryCatch" "doTryCatch" "tryCatchOne" "tryCatchList" "tryCatch" "e$fun" "%do%" "readRefData" 
"envRefSetField" "$<-" "inPlaceModel.create" "modelFromFile" "eval" "eval" "doTryCatch" "tryCatchOne" "tryCatchList" "tryCatch" "doTryCatch" "tryCatchOne" "tryCatchList" "tryCatch" "e$fun" "%do%" "readRefData" 
"envRefSetField" "$<-" "inPlaceModel.create" "modelFromFile" "eval" "eval" "doTryCatch" "tryCatchOne" "tryCatchList" "tryCatch" "doTryCatch" "tryCatchOne" "tryCatchList" "tryCatch" "e$fun" "%do%" "readRefData" 
"envRefSetField" "$<-" "inPlaceModel.create" "modelFromFile" "eval" "eval" "doTryCatch" "tryCatchOne" "tryCatchList" "tryCatch" "doTryCatch" "tryCatchOne" "tryCatchList" "tryCatch" "e$fun" "%do%" "readRefData" 
"envRefSetField" "$<-" "inPlaceModel.create" "modelFromFile" "eval" "eval" "doTryCatch" "tryCatchOne" "tryCatchList" "tryCatch" "doTryCatch" "tryCatchOne" "tryCatchList" "tryCatch" "e$fun" "%do%" "readRefData" 
"envRefSetField" "$<-" "inPlaceModel.create" "modelFromFile" "eval" "eval" "doTryCatch" "tryCatchOne" "tryCatchList" "tryCatch" "doTryCatch" "tryCatchOne" "tryCatchList" "tryCatch" "e$fun" "%do%" "readRefData" 
"envRefSetField" "$<-" "inPlaceModel.create" "modelFromFile" "eval" "eval" "doTryCatch" "tryCatchOne" "tryCatchList" "tryCatch" "doTryCatch" "tryCatchOne" "tryCatchList" "tryCatch" "e$fun" "%do%" "readRefData" 
"envRefSetField" "$<-" "inPlaceModel.create" "modelFromFile" "eval" "eval" "doTryCatch" "tryCatchOne" "tryCatchList" "tryCatch" "doTryCatch" "tryCatchOne" "tryCatchList" "tryCatch" "e$fun" "%do%" "readRefData" 
"envRefSetField" "$<-" "inPlaceModel.create" "modelFromFile" "eval" "eval" "doTryCatch" "tryCatchOne" "tryCatchList" "tryCatch" "doTryCatch" "tryCatchOne" "tryCatchList" "tryCatch" "e$fun" "%do%" "readRefData" 
"envRefSetField" "$<-" "inPlaceModel.create" "modelFromFile" "eval" "eval" "doTryCatch" "tryCatchOne" "tryCatchList" "tryCatch" "doTryCatch" "tryCatchOne" "tryCatchList" "tryCatch" "e$fun" "%do%" "readRefData" 
"envRefSetField" "$<-" "inPlaceModel.create" "modelFromFile" "eval" "eval" "doTryCatch" "tryCatchOne" "tryCatchList" "tryCatch" "doTryCatch" "tryCatchOne" "tryCatchList" "tryCatch" "e$fun" "%do%" "readRefData" 
"envRefSetField" "$<-" "inPlaceModel.create" "modelFromFile" "eval" "eval" "doTryCatch" "tryCatchOne" "tryCatchList" "tryCatch" "doTryCatch" "tryCatchOne" "tryCatchList" "tryCatch" "e$fun" "%do%" "readRefData" 
"get" "$" "modelConststr" "inPlaceModel.create" "modelFromFile" "eval" "eval" "doTryCatch" "tryCatchOne" "tryCatchList" "tryCatch" "doTryCatch" "tryCatchOne" "tryCatchList" "tryCatch" "e$fun" "%do%" "readRefData" 
"as.list" "vapply" "rm" "inPlaceModel.create" "modelFromFile" "eval" "eval" "doTryCatch" "tryCatchOne" "tryCatchList" "tryCatch" "doTryCatch" "tryCatchOne" "tryCatchList" "tryCatch" "e$fun" "%do%" "readRefData" 
"tail.default" "tail" "inPlaceModel.create" "modelFromFile" "eval" "eval" "doTryCatch" "tryCatchOne" "tryCatchList" "tryCatch" "doTryCatch" "tryCatchOne" "tryCatchList" "tryCatch" "e$fun" "%do%" "readRefData" 
"modelConststr" "modelConststr" "modelConststr" "modelConststr" "modelConststr" "modelConststr" "modelConststr" "inPlaceModel.create" "modelFromFile" "eval" "eval" "doTryCatch" "tryCatchOne" "tryCatchList" "tryCatch" "doTryCatch" "tryCatchOne" "tryCatchList" "tryCatch" "e$fun" "%do%" "readRefData" 
"as.environment" "as.environment" "$" "modelConststr" "inPlaceModel.create" "modelFromFile" "eval" "eval" "doTryCatch" "tryCatchOne" "tryCatchList" "tryCatch" "doTryCatch" "tryCatchOne" "tryCatchList" "tryCatch" "e$fun" "%do%" "readRefData" 
".class1" "as" "methods:::.setDummyField" "<Anonymous>" "assign" "envRefSetField" "$<-" "inPlaceModel.create" "modelFromFile" "eval" "eval" "doTryCatch" "tryCatchOne" "tryCatchList" "tryCatch" "doTryCatch" "tryCatchOne" "tryCatchList" "tryCatch" "e$fun" "%do%" "readRefData" 
"$<-" "inPlaceModel.create" "modelFromFile" "eval" "eval" "doTryCatch" "tryCatchOne" "tryCatchList" "tryCatch" "doTryCatch" "tryCatchOne" "tryCatchList" "tryCatch" "e$fun" "%do%" "readRefData" 
"tail.default" "tail" "inPlaceModel.create" "modelFromFile" "eval" "eval" "doTryCatch" "tryCatchOne" "tryCatchList" "tryCatch" "doTryCatch" "tryCatchOne" "tryCatchList" "tryCatch" "e$fun" "%do%" "readRefData" 
"methods:::.setDummyField" "<Anonymous>" "assign" "envRefSetField" "$<-" "inPlaceModel.create" "modelFromFile" "eval" "eval" "doTryCatch" "tryCatchOne" "tryCatchList" "tryCatch" "doTryCatch" "tryCatchOne" "tryCatchList" "tryCatch" "e$fun" "%do%" "readRefData" 
"as.environment" "as.environment" "$" "inPlaceModel.create" "modelFromFile" "eval" "eval" "doTryCatch" "tryCatchOne" "tryCatchList" "tryCatch" "doTryCatch" "tryCatchOne" "tryCatchList" "tryCatch" "e$fun" "%do%" "readRefData" 
"gsub" "cleanLine" "strsplit" "modelFromFile" "eval" "eval" "doTryCatch" "tryCatchOne" "tryCatchList" "tryCatch" "doTryCatch" "tryCatchOne" "tryCatchList" "tryCatch" "e$fun" "%do%" "readRefData" 
"parent.frame" "new.env" "modelConststr" "modelConststr" "modelConststr" "modelConststr" "inPlaceModel.create" "modelFromFile" "eval" "eval" "doTryCatch" "tryCatchOne" "tryCatchList" "tryCatch" "doTryCatch" "tryCatchOne" "tryCatchList" "tryCatch" "e$fun" "%do%" "readRefData" 
".getClassFromCache" "getClassDef" "is" "methods:::.setDummyField" "<Anonymous>" "assign" "envRefSetField" "$<-" "inPlaceModel.create" "modelFromFile" "eval" "eval" "doTryCatch" "tryCatchOne" "tryCatchList" "tryCatch" "doTryCatch" "tryCatchOne" "tryCatchList" "tryCatch" "e$fun" "%do%" "readRefData" 
"modelConststr" "modelConststr" "modelConststr" "inPlaceModel.create" "modelFromFile" "eval" "eval" "doTryCatch" "tryCatchOne" "tryCatchList" "tryCatch" "doTryCatch" "tryCatchOne" "tryCatchList" "tryCatch" "e$fun" "%do%" "readRefData" 
"gsub" "cleanLine" "strsplit" "modelFromFile" "eval" "eval" "doTryCatch" "tryCatchOne" "tryCatchList" "tryCatch" "doTryCatch" "tryCatchOne" "tryCatchList" "tryCatch" "e$fun" "%do%" "readRefData" 
"modelConststr" "modelConststr" "modelConststr" "modelConststr" "modelConststr" "modelConststr" "inPlaceModel.create" "modelFromFile" "eval" "eval" "doTryCatch" "tryCatchOne" "tryCatchList" "tryCatch" "doTryCatch" "tryCatchOne" "tryCatchList" "tryCatch" "e$fun" "%do%" "readRefData" 
"as.environment" "as.environment" "$" "inPlaceModel.create" "modelFromFile" "eval" "eval" "doTryCatch" "tryCatchOne" "tryCatchList" "tryCatch" "doTryCatch" "tryCatchOne" "tryCatchList" "tryCatch" "e$fun" "%do%" "readRefData" 
"cat" "object$show" "<Anonymous>" "<Anonymous>" "print.default" "print" "doTryCatch" "tryCatchOne" "tryCatchList" "tryCatch" "e$fun" "%do%" "readRefData" 
